#
# There is insufficient memory for the Java Runtime Environment to continue.
# Native memory allocation (malloc) failed to allocate 626928 bytes. Error detail: Chunk::new
# Possible reasons:
#   The system is out of physical RAM or swap space
#   This process is running with CompressedOops enabled, and the Java Heap may be blocking the growth of the native heap
# Possible solutions:
#   Reduce memory load on the system
#   Increase physical memory or swap space
#   Check if swap backing store is full
#   Decrease Java heap size (-Xmx/-Xms)
#   Decrease number of Java threads
#   Decrease Java thread stack sizes (-Xss)
#   Set larger code cache with -XX:ReservedCodeCacheSize=
#   JVM is running with Unscaled Compressed Oops mode in which the Java heap is
#     placed in the first 4GB address space. The Java Heap base address is the
#     maximum limit for the native heap growth. Please use -XX:HeapBaseMinAddress
#     to set the Java Heap base and to place the Java Heap above 4GB virtual address.
# This output file may be truncated or incomplete.
#
#  Out of Memory Error (arena.cpp:191), pid=11584, tid=1496
#
# JRE version: OpenJDK Runtime Environment Temurin-17.0.15+6 (17.0.15+6) (build 17.0.15+6)
# Java VM: OpenJDK 64-Bit Server VM Temurin-17.0.15+6 (17.0.15+6, mixed mode, sharing, tiered, compressed oops, compressed class ptrs, g1 gc, windows-amd64)
# No core dump will be written. Minidumps are not enabled by default on client versions of Windows
#

---------------  S U M M A R Y ------------

Command Line: -XX:MaxMetaspaceSize=512m --add-opens=java.base/java.util=ALL-UNNAMED --add-opens=java.base/java.lang=ALL-UNNAMED --add-opens=java.base/java.lang.invoke=ALL-UNNAMED --add-opens=java.prefs/java.util.prefs=ALL-UNNAMED --add-opens=java.base/java.nio.charset=ALL-UNNAMED --add-opens=java.base/java.net=ALL-UNNAMED --add-opens=java.base/java.util.concurrent.atomic=ALL-UNNAMED -Xmx2048m -Dfile.encoding=windows-1252 -Duser.country=US -Duser.language=en -Duser.variant -javaagent:C:\Users\MSI\.gradle\wrapper\dists\gradle-8.3-all\6en3ugtfdg5xnpx44z4qbwgas\gradle-8.3\lib\agents\gradle-instrumentation-agent-8.3.jar org.gradle.launcher.daemon.bootstrap.GradleDaemon 8.3

Host: 11th Gen Intel(R) Core(TM) i3-1115G4 @ 3.00GHz, 4 cores, 7G,  Windows 11 , 64 bit Build 22621 (10.0.22621.5124)
Time: Sun Apr 20 15:36:21 2025 SE Asia Standard Time elapsed time: 30.740585 seconds (0d 0h 0m 30s)

---------------  T H R E A D  ---------------

Current thread (0x0000023aee657f00):  JavaThread "C2 CompilerThread0" daemon [_thread_in_native, id=1496, stack(0x000000ed83e00000,0x000000ed83f00000)]


Current CompileTask:
C2:  30740 10251       4       com.google.common.collect.ImmutableSet::copyOf (76 bytes)

Stack: [0x000000ed83e00000,0x000000ed83f00000]
Native frames: (J=compiled Java code, j=interpreted, Vv=VM code, C=native code)
V  [jvm.dll+0x682fc9]
V  [jvm.dll+0x839878]
V  [jvm.dll+0x83b323]
V  [jvm.dll+0x83b993]
V  [jvm.dll+0x24725f]
V  [jvm.dll+0xacea4]
V  [jvm.dll+0xad53c]
V  [jvm.dll+0x365c6e]
V  [jvm.dll+0x1baac9]
V  [jvm.dll+0x2183a7]
V  [jvm.dll+0x21768f]
V  [jvm.dll+0x1a31b0]
V  [jvm.dll+0x227a9c]
V  [jvm.dll+0x225bfb]
V  [jvm.dll+0x7ef018]
V  [jvm.dll+0x7e94dc]
V  [jvm.dll+0x681ea7]
C  [ucrtbase.dll+0x29333]
C  [KERNEL32.DLL+0x1259d]
C  [ntdll.dll+0x5af38]


---------------  P R O C E S S  ---------------

Threads class SMR info:
_java_thread_list=0x0000023af5334b50, length=67, elements={
0x0000023ad0a32210, 0x0000023aee6340f0, 0x0000023aee634cb0, 0x0000023aee64b920,
0x0000023aee64c3f0, 0x0000023aee6512e0, 0x0000023aee653cb0, 0x0000023aee657f00,
0x0000023aee66d710, 0x0000023aee66e430, 0x0000023aee6200b0, 0x0000023aeea24ac0,
0x0000023af4a57430, 0x0000023af3dd3090, 0x0000023af45203a0, 0x0000023af44302f0,
0x0000023af4430f70, 0x0000023af3bdafc0, 0x0000023af3bdb4d0, 0x0000023af3bdb9e0,
0x0000023af3bdaab0, 0x0000023af3bdd840, 0x0000023af3bdd330, 0x0000023af3bdc910,
0x0000023af3bda090, 0x0000023af3bdbef0, 0x0000023af3bdc400, 0x0000023af5ee6650,
0x0000023af5ee3dd0, 0x0000023af5ee42e0, 0x0000023af5ee6b60, 0x0000023af5ee7070,
0x0000023af5ee47f0, 0x0000023af5ee2480, 0x0000023af5ee7a90, 0x0000023af5ee7fa0,
0x0000023af5ee4d00, 0x0000023af5ee2990, 0x0000023af5ee5720, 0x0000023af5ee5c30,
0x0000023af5ee7580, 0x0000023af5ee1040, 0x0000023af5ee89c0, 0x0000023af5ee1550,
0x0000023af6177af0, 0x0000023af61729f0, 0x0000023af6174850, 0x0000023af61770d0,
0x0000023af61724e0, 0x0000023af61775e0, 0x0000023af6178000, 0x0000023af61766b0,
0x0000023af6174d60, 0x0000023af6171ac0, 0x0000023af6173e30, 0x0000023af6178510,
0x0000023af6175c90, 0x0000023af6172f00, 0x0000023af6173410, 0x0000023af6171fd0,
0x0000023af6174340, 0x0000023af6176bc0, 0x0000023af6178a20, 0x0000023af6178f30,
0x0000023af50718e0, 0x0000023af50709b0, 0x0000023af5074670
}

Java Threads: ( => current thread )
  0x0000023ad0a32210 JavaThread "main" [_thread_blocked, id=14828, stack(0x000000ed83100000,0x000000ed83200000)]
  0x0000023aee6340f0 JavaThread "Reference Handler" daemon [_thread_blocked, id=9508, stack(0x000000ed83800000,0x000000ed83900000)]
  0x0000023aee634cb0 JavaThread "Finalizer" daemon [_thread_blocked, id=10120, stack(0x000000ed83900000,0x000000ed83a00000)]
  0x0000023aee64b920 JavaThread "Signal Dispatcher" daemon [_thread_blocked, id=13888, stack(0x000000ed83a00000,0x000000ed83b00000)]
  0x0000023aee64c3f0 JavaThread "Attach Listener" daemon [_thread_blocked, id=12976, stack(0x000000ed83b00000,0x000000ed83c00000)]
  0x0000023aee6512e0 JavaThread "Service Thread" daemon [_thread_blocked, id=10080, stack(0x000000ed83c00000,0x000000ed83d00000)]
  0x0000023aee653cb0 JavaThread "Monitor Deflation Thread" daemon [_thread_blocked, id=9420, stack(0x000000ed83d00000,0x000000ed83e00000)]
=>0x0000023aee657f00 JavaThread "C2 CompilerThread0" daemon [_thread_in_native, id=1496, stack(0x000000ed83e00000,0x000000ed83f00000)]
  0x0000023aee66d710 JavaThread "C1 CompilerThread0" daemon [_thread_blocked, id=2752, stack(0x000000ed83f00000,0x000000ed84000000)]
  0x0000023aee66e430 JavaThread "Sweeper thread" daemon [_thread_blocked, id=15760, stack(0x000000ed84000000,0x000000ed84100000)]
  0x0000023aee6200b0 JavaThread "Common-Cleaner" daemon [_thread_blocked, id=3536, stack(0x000000ed84100000,0x000000ed84200000)]
  0x0000023aeea24ac0 JavaThread "Notification Thread" daemon [_thread_blocked, id=4776, stack(0x000000ed84200000,0x000000ed84300000)]
  0x0000023af4a57430 JavaThread "Daemon health stats" [_thread_blocked, id=13264, stack(0x000000ed84800000,0x000000ed84900000)]
  0x0000023af3dd3090 JavaThread "Incoming local TCP Connector on port 58776" [_thread_in_native, id=14160, stack(0x000000ed84900000,0x000000ed84a00000)]
  0x0000023af45203a0 JavaThread "Daemon periodic checks" [_thread_blocked, id=6256, stack(0x000000ed84a00000,0x000000ed84b00000)]
  0x0000023af44302f0 JavaThread "Daemon" [_thread_blocked, id=14324, stack(0x000000ed84b00000,0x000000ed84c00000)]
  0x0000023af4430f70 JavaThread "Handler for socket connection from /127.0.0.1:58776 to /127.0.0.1:58777" [_thread_in_native, id=6684, stack(0x000000ed84c00000,0x000000ed84d00000)]
  0x0000023af3bdafc0 JavaThread "Cancel handler" [_thread_blocked, id=5456, stack(0x000000ed84d00000,0x000000ed84e00000)]
  0x0000023af3bdb4d0 JavaThread "Daemon worker" [_thread_in_vm, id=10020, stack(0x000000ed84e00000,0x000000ed84f00000)]
  0x0000023af3bdb9e0 JavaThread "Asynchronous log dispatcher for DefaultDaemonConnection: socket connection from /127.0.0.1:58776 to /127.0.0.1:58777" [_thread_blocked, id=12472, stack(0x000000ed84f00000,0x000000ed85000000)]
  0x0000023af3bdaab0 JavaThread "Stdin handler" [_thread_blocked, id=14052, stack(0x000000ed85000000,0x000000ed85100000)]
  0x0000023af3bdd840 JavaThread "Daemon client event forwarder" [_thread_blocked, id=7708, stack(0x000000ed85100000,0x000000ed85200000)]
  0x0000023af3bdd330 JavaThread "Cache worker for journal cache (C:\Users\MSI\.gradle\caches\journal-1)" [_thread_blocked, id=14100, stack(0x000000ed85200000,0x000000ed85300000)]
  0x0000023af3bdc910 JavaThread "File lock request listener" [_thread_in_native, id=8444, stack(0x000000ed85300000,0x000000ed85400000)]
  0x0000023af3bda090 JavaThread "Cache worker for file hash cache (C:\Users\MSI\.gradle\caches\8.3\fileHashes)" [_thread_blocked, id=6412, stack(0x000000ed85400000,0x000000ed85500000)]
  0x0000023af3bdbef0 JavaThread "File watcher server" daemon [_thread_in_native, id=10344, stack(0x000000ed85500000,0x000000ed85600000)]
  0x0000023af3bdc400 JavaThread "File watcher consumer" daemon [_thread_blocked, id=10360, stack(0x000000ed85600000,0x000000ed85700000)]
  0x0000023af5ee6650 JavaThread "Cache worker for checksums cache (D:\task\FinanceTrakersApp\android\.gradle\8.3\checksums)" [_thread_blocked, id=12860, stack(0x000000ed85700000,0x000000ed85800000)]
  0x0000023af5ee3dd0 JavaThread "Cache worker for file hash cache (D:\task\FinanceTrakersApp\android\.gradle\8.3\fileHashes)" [_thread_blocked, id=9540, stack(0x000000ed85800000,0x000000ed85900000)]
  0x0000023af5ee42e0 JavaThread "Cache worker for cache directory md-supplier (C:\Users\MSI\.gradle\caches\8.3\md-supplier)" [_thread_blocked, id=9472, stack(0x000000ed85900000,0x000000ed85a00000)]
  0x0000023af5ee6b60 JavaThread "Cache worker for file content cache (C:\Users\MSI\.gradle\caches\8.3\fileContent)" [_thread_blocked, id=10652, stack(0x000000ed85a00000,0x000000ed85b00000)]
  0x0000023af5ee7070 JavaThread "Cache worker for cache directory md-rule (C:\Users\MSI\.gradle\caches\8.3\md-rule)" [_thread_blocked, id=14072, stack(0x000000ed85c00000,0x000000ed85d00000)]
  0x0000023af5ee47f0 JavaThread "Cache worker for execution history cache (C:\Users\MSI\.gradle\caches\8.3\executionHistory)" [_thread_blocked, id=7260, stack(0x000000ed85d00000,0x000000ed85e00000)]
  0x0000023af5ee2480 JavaThread "jar transforms" [_thread_blocked, id=13272, stack(0x000000ed85e00000,0x000000ed85f00000)]
  0x0000023af5ee7a90 JavaThread "jar transforms Thread 2" [_thread_blocked, id=9656, stack(0x000000ed85f00000,0x000000ed86000000)]
  0x0000023af5ee7fa0 JavaThread "jar transforms Thread 3" [_thread_blocked, id=9400, stack(0x000000ed86000000,0x000000ed86100000)]
  0x0000023af5ee4d00 JavaThread "jar transforms Thread 4" [_thread_blocked, id=16300, stack(0x000000ed86100000,0x000000ed86200000)]
  0x0000023af5ee2990 JavaThread "Cache worker for kotlin-dsl (C:\Users\MSI\.gradle\caches\8.3\kotlin-dsl)" [_thread_blocked, id=10972, stack(0x000000ed86200000,0x000000ed86300000)]
  0x0000023af5ee5720 JavaThread "Unconstrained build operations" [_thread_blocked, id=16272, stack(0x000000ed84400000,0x000000ed84500000)]
  0x0000023af5ee5c30 JavaThread "Unconstrained build operations Thread 2" [_thread_blocked, id=11068, stack(0x000000ed86300000,0x000000ed86400000)]
  0x0000023af5ee7580 JavaThread "Cache worker for dependencies-accessors (D:\task\FinanceTrakersApp\android\.gradle\8.3\dependencies-accessors)" [_thread_blocked, id=13908, stack(0x000000ed86400000,0x000000ed86500000)]
  0x0000023af5ee1040 JavaThread "Cache worker for Build Output Cleanup Cache (D:\task\FinanceTrakersApp\node_modules\@react-native\gradle-plugin\.gradle\buildOutputCleanup)" [_thread_blocked, id=1320, stack(0x000000ed86500000,0x000000ed86600000)]
  0x0000023af5ee89c0 JavaThread "Unconstrained build operations Thread 3" [_thread_blocked, id=15832, stack(0x000000ed86600000,0x000000ed86700000)]
  0x0000023af5ee1550 JavaThread "Unconstrained build operations Thread 4" [_thread_blocked, id=6676, stack(0x000000ed86700000,0x000000ed86800000)]
  0x0000023af6177af0 JavaThread "Unconstrained build operations Thread 5" [_thread_blocked, id=9028, stack(0x000000ed86800000,0x000000ed86900000)]
  0x0000023af61729f0 JavaThread "Memory manager" [_thread_blocked, id=14448, stack(0x000000ed86900000,0x000000ed86a00000)]
  0x0000023af6174850 JavaThread "Cache worker for Build Output Cleanup Cache (D:\task\FinanceTrakersApp\android\.gradle\buildOutputCleanup)" [_thread_blocked, id=3616, stack(0x000000ed86a00000,0x000000ed86b00000)]
  0x0000023af61770d0 JavaThread "ForkJoinPool.commonPool-worker-1" daemon [_thread_blocked, id=3224, stack(0x000000ed86b00000,0x000000ed86c00000)]
  0x0000023af61724e0 JavaThread "ForkJoinPool.commonPool-worker-2" daemon [_thread_blocked, id=12088, stack(0x000000ed86c00000,0x000000ed86d00000)]
  0x0000023af61775e0 JavaThread "ForkJoinPool.commonPool-worker-3" daemon [_thread_blocked, id=8464, stack(0x000000ed86d00000,0x000000ed86e00000)]
  0x0000023af6178000 JavaThread "Exec process" daemon [_thread_blocked, id=14472, stack(0x000000ed86e00000,0x000000ed86f00000)]
  0x0000023af61766b0 JavaThread "Exec process Thread 2" daemon [_thread_blocked, id=15924, stack(0x000000ed86f00000,0x000000ed87000000)]
  0x0000023af6174d60 JavaThread "Exec process Thread 3" daemon [_thread_blocked, id=7804, stack(0x000000ed87000000,0x000000ed87100000)]
  0x0000023af6171ac0 JavaThread "included builds" [_thread_blocked, id=10060, stack(0x000000ed87100000,0x000000ed87200000)]
  0x0000023af6173e30 JavaThread "Execution worker" [_thread_blocked, id=1108, stack(0x000000ed87200000,0x000000ed87300000)]
  0x0000023af6178510 JavaThread "Execution worker Thread 2" [_thread_blocked, id=14484, stack(0x000000ed87300000,0x000000ed87400000)]
  0x0000023af6175c90 JavaThread "Execution worker Thread 3" [_thread_blocked, id=908, stack(0x000000ed87400000,0x000000ed87500000)]
  0x0000023af6172f00 JavaThread "Cache worker for execution history cache (D:\task\FinanceTrakersApp\node_modules\@react-native\gradle-plugin\.gradle\8.3\executionHistory)" [_thread_blocked, id=6768, stack(0x000000ed87500000,0x000000ed87600000)]
  0x0000023af6173410 JavaThread "Unconstrained build operations Thread 6" [_thread_blocked, id=13220, stack(0x000000ed87600000,0x000000ed87700000)]
  0x0000023af6171fd0 JavaThread "Unconstrained build operations Thread 7" [_thread_blocked, id=10736, stack(0x000000ed87700000,0x000000ed87800000)]
  0x0000023af6174340 JavaThread "Unconstrained build operations Thread 8" [_thread_blocked, id=6588, stack(0x000000ed87800000,0x000000ed87900000)]
  0x0000023af6176bc0 JavaThread "Unconstrained build operations Thread 9" [_thread_blocked, id=4804, stack(0x000000ed87900000,0x000000ed87a00000)]
  0x0000023af6178a20 JavaThread "Unconstrained build operations Thread 10" [_thread_blocked, id=13656, stack(0x000000ed87a00000,0x000000ed87b00000)]
  0x0000023af6178f30 JavaThread "Unconstrained build operations Thread 11" [_thread_blocked, id=15980, stack(0x000000ed87b00000,0x000000ed87c00000)]
  0x0000023af50718e0 JavaThread "Unconstrained build operations Thread 12" [_thread_blocked, id=3004, stack(0x000000ed87c00000,0x000000ed87d00000)]
  0x0000023af50709b0 JavaThread "Unconstrained build operations Thread 13" [_thread_blocked, id=9896, stack(0x000000ed87d00000,0x000000ed87e00000)]
  0x0000023af5074670 JavaThread "Unconstrained build operations Thread 14" [_thread_blocked, id=14224, stack(0x000000ed87e00000,0x000000ed87f00000)]

Other Threads:
  0x0000023aee62ff10 VMThread "VM Thread" [stack: 0x000000ed83700000,0x000000ed83800000] [id=8660]
  0x0000023ad0a33090 WatcherThread [stack: 0x000000ed84300000,0x000000ed84400000] [id=16172]
  0x0000023ad0a8b070 GCTaskThread "GC Thread#0" [stack: 0x000000ed83200000,0x000000ed83300000] [id=4320]
  0x0000023af30f49e0 GCTaskThread "GC Thread#1" [stack: 0x000000ed84500000,0x000000ed84600000] [id=4476]
  0x0000023af3032910 GCTaskThread "GC Thread#2" [stack: 0x000000ed84600000,0x000000ed84700000] [id=11972]
  0x0000023aeea82490 GCTaskThread "GC Thread#3" [stack: 0x000000ed84700000,0x000000ed84800000] [id=8232]
  0x0000023ad0a9cfd0 ConcurrentGCThread "G1 Main Marker" [stack: 0x000000ed83300000,0x000000ed83400000] [id=3128]
  0x0000023ad0a9d9f0 ConcurrentGCThread "G1 Conc#0" [stack: 0x000000ed83400000,0x000000ed83500000] [id=2604]
  0x0000023ad0ade160 ConcurrentGCThread "G1 Refine#0" [stack: 0x000000ed83500000,0x000000ed83600000] [id=6896]
  0x0000023af62ccae0 ConcurrentGCThread "G1 Refine#1" [stack: 0x000000ed85b00000,0x000000ed85c00000] [id=14660]
  0x0000023ad0adeb90 ConcurrentGCThread "G1 Service" [stack: 0x000000ed83600000,0x000000ed83700000] [id=15172]

Threads with active compile tasks:
C2 CompilerThread0    30768 10251       4       com.google.common.collect.ImmutableSet::copyOf (76 bytes)

VM state: not at safepoint (normal execution)

VM Mutex/Monitor currently owned by a thread:  ([mutex/lock_event])
[0x0000023ace8b09c0] Metaspace_lock - owner thread: 0x0000023af3bdb4d0

Heap address: 0x0000000080000000, size: 2048 MB, Compressed Oops mode: 32-bit

CDS archive(s) mapped at: [0x0000023a80000000-0x0000023a80bb0000-0x0000023a80bb0000), size 12255232, SharedBaseAddress: 0x0000023a80000000, ArchiveRelocationMode: 1.
Compressed class space mapped at: 0x0000023a81000000-0x0000023a9b000000, reserved size: 436207616
Narrow klass base: 0x0000023a80000000, Narrow klass shift: 0, Narrow klass range: 0x100000000

GC Precious Log:
 CPUs: 4 total, 4 available
 Memory: 7894M
 Large Page Support: Disabled
 NUMA Support: Disabled
 Compressed Oops: Enabled (32-bit)
 Heap Region Size: 1M
 Heap Min Capacity: 8M
 Heap Initial Capacity: 124M
 Heap Max Capacity: 2G
 Pre-touch: Disabled
 Parallel Workers: 4
 Concurrent Workers: 1
 Concurrent Refinement Workers: 4
 Periodic GC: Disabled

Heap:
 garbage-first heap   total 205824K, used 99404K [0x0000000080000000, 0x0000000100000000)
  region size 1024K, 10 young (10240K), 9 survivors (9216K)
 Metaspace       used 86683K, committed 87488K, reserved 557056K
  class space    used 12283K, committed 12672K, reserved 425984K

Heap Regions: E=young(eden), S=young(survivor), O=old, HS=humongous(starts), HC=humongous(continues), CS=collection set, F=free, OA=open archive, CA=closed archive, TAMS=top-at-mark-start (previous, next)
|   0|0x0000000080000000, 0x0000000080100000, 0x0000000080100000|100%| O|  |TAMS 0x0000000080100000, 0x0000000080000000| Untracked 
|   1|0x0000000080100000, 0x0000000080200000, 0x0000000080200000|100%| O|  |TAMS 0x0000000080200000, 0x0000000080100000| Untracked 
|   2|0x0000000080200000, 0x0000000080300000, 0x0000000080300000|100%|HS|  |TAMS 0x0000000080300000, 0x0000000080200000| Complete 
|   3|0x0000000080300000, 0x0000000080400000, 0x0000000080400000|100%|HC|  |TAMS 0x0000000080400000, 0x0000000080300000| Complete 
|   4|0x0000000080400000, 0x0000000080500000, 0x0000000080500000|100%|HC|  |TAMS 0x0000000080500000, 0x0000000080400000| Complete 
|   5|0x0000000080500000, 0x0000000080600000, 0x0000000080600000|100%|HC|  |TAMS 0x0000000080600000, 0x0000000080500000| Complete 
|   6|0x0000000080600000, 0x0000000080700000, 0x0000000080700000|100%| O|  |TAMS 0x0000000080700000, 0x0000000080600000| Untracked 
|   7|0x0000000080700000, 0x0000000080800000, 0x0000000080800000|100%| O|  |TAMS 0x0000000080800000, 0x0000000080700000| Untracked 
|   8|0x0000000080800000, 0x0000000080900000, 0x0000000080900000|100%| O|  |TAMS 0x0000000080900000, 0x0000000080800000| Untracked 
|   9|0x0000000080900000, 0x0000000080a00000, 0x0000000080a00000|100%| O|  |TAMS 0x0000000080a00000, 0x0000000080900000| Untracked 
|  10|0x0000000080a00000, 0x0000000080b00000, 0x0000000080b00000|100%| O|  |TAMS 0x0000000080b00000, 0x0000000080a00000| Untracked 
|  11|0x0000000080b00000, 0x0000000080c00000, 0x0000000080c00000|100%| O|  |TAMS 0x0000000080c00000, 0x0000000080b00000| Untracked 
|  12|0x0000000080c00000, 0x0000000080d00000, 0x0000000080d00000|100%| O|  |TAMS 0x0000000080d00000, 0x0000000080c00000| Untracked 
|  13|0x0000000080d00000, 0x0000000080e00000, 0x0000000080e00000|100%| O|  |TAMS 0x0000000080e00000, 0x0000000080d00000| Untracked 
|  14|0x0000000080e00000, 0x0000000080f00000, 0x0000000080f00000|100%| O|  |TAMS 0x0000000080f00000, 0x0000000080e00000| Untracked 
|  15|0x0000000080f00000, 0x0000000081000000, 0x0000000081000000|100%| O|  |TAMS 0x0000000081000000, 0x0000000080f00000| Untracked 
|  16|0x0000000081000000, 0x0000000081100000, 0x0000000081100000|100%| O|  |TAMS 0x0000000081100000, 0x0000000081000000| Untracked 
|  17|0x0000000081100000, 0x0000000081200000, 0x0000000081200000|100%| O|  |TAMS 0x0000000081200000, 0x0000000081100000| Untracked 
|  18|0x0000000081200000, 0x0000000081300000, 0x0000000081300000|100%| O|  |TAMS 0x0000000081300000, 0x0000000081200000| Untracked 
|  19|0x0000000081300000, 0x0000000081400000, 0x0000000081400000|100%| O|  |TAMS 0x0000000081300000, 0x0000000081300000| Untracked 
|  20|0x0000000081400000, 0x0000000081500000, 0x0000000081500000|100%| O|  |TAMS 0x0000000081500000, 0x0000000081400000| Untracked 
|  21|0x0000000081500000, 0x0000000081600000, 0x0000000081600000|100%| O|  |TAMS 0x0000000081600000, 0x0000000081500000| Untracked 
|  22|0x0000000081600000, 0x0000000081700000, 0x0000000081700000|100%| O|  |TAMS 0x0000000081700000, 0x0000000081600000| Untracked 
|  23|0x0000000081700000, 0x0000000081800000, 0x0000000081800000|100%| O|  |TAMS 0x0000000081800000, 0x0000000081700000| Untracked 
|  24|0x0000000081800000, 0x0000000081900000, 0x0000000081900000|100%|HS|  |TAMS 0x0000000081900000, 0x0000000081800000| Complete 
|  25|0x0000000081900000, 0x0000000081a00000, 0x0000000081a00000|100%|HC|  |TAMS 0x0000000081a00000, 0x0000000081900000| Complete 
|  26|0x0000000081a00000, 0x0000000081b00000, 0x0000000081b00000|100%| O|  |TAMS 0x0000000081b00000, 0x0000000081a00000| Untracked 
|  27|0x0000000081b00000, 0x0000000081c00000, 0x0000000081c00000|100%| O|  |TAMS 0x0000000081c00000, 0x0000000081b00000| Untracked 
|  28|0x0000000081c00000, 0x0000000081d00000, 0x0000000081d00000|100%| O|  |TAMS 0x0000000081d00000, 0x0000000081c00000| Untracked 
|  29|0x0000000081d00000, 0x0000000081e00000, 0x0000000081e00000|100%| O|  |TAMS 0x0000000081d00000, 0x0000000081d00000| Untracked 
|  30|0x0000000081e00000, 0x0000000081f00000, 0x0000000081f00000|100%|HS|  |TAMS 0x0000000081f00000, 0x0000000081e00000| Complete 
|  31|0x0000000081f00000, 0x0000000082000000, 0x0000000082000000|100%|HC|  |TAMS 0x0000000082000000, 0x0000000081f00000| Complete 
|  32|0x0000000082000000, 0x0000000082100000, 0x0000000082100000|100%| O|  |TAMS 0x0000000082100000, 0x0000000082000000| Untracked 
|  33|0x0000000082100000, 0x0000000082200000, 0x0000000082200000|100%| O|  |TAMS 0x0000000082200000, 0x0000000082100000| Untracked 
|  34|0x0000000082200000, 0x0000000082300000, 0x0000000082300000|100%| O|  |TAMS 0x0000000082300000, 0x0000000082200000| Untracked 
|  35|0x0000000082300000, 0x0000000082400000, 0x0000000082400000|100%| O|  |TAMS 0x0000000082400000, 0x0000000082300000| Untracked 
|  36|0x0000000082400000, 0x0000000082500000, 0x0000000082500000|100%| O|  |TAMS 0x0000000082500000, 0x0000000082400000| Untracked 
|  37|0x0000000082500000, 0x0000000082600000, 0x0000000082600000|100%|HS|  |TAMS 0x0000000082600000, 0x0000000082500000| Complete 
|  38|0x0000000082600000, 0x0000000082700000, 0x0000000082700000|100%|HC|  |TAMS 0x0000000082700000, 0x0000000082600000| Complete 
|  39|0x0000000082700000, 0x0000000082800000, 0x0000000082800000|100%|HC|  |TAMS 0x0000000082800000, 0x0000000082700000| Complete 
|  40|0x0000000082800000, 0x0000000082900000, 0x0000000082900000|100%|HC|  |TAMS 0x0000000082900000, 0x0000000082800000| Complete 
|  41|0x0000000082900000, 0x0000000082a00000, 0x0000000082a00000|100%| O|  |TAMS 0x0000000082a00000, 0x0000000082900000| Untracked 
|  42|0x0000000082a00000, 0x0000000082b00000, 0x0000000082b00000|100%| O|  |TAMS 0x0000000082b00000, 0x0000000082a00000| Untracked 
|  43|0x0000000082b00000, 0x0000000082c00000, 0x0000000082c00000|100%| O|  |TAMS 0x0000000082c00000, 0x0000000082b00000| Untracked 
|  44|0x0000000082c00000, 0x0000000082d00000, 0x0000000082d00000|100%| O|  |TAMS 0x0000000082d00000, 0x0000000082c00000| Untracked 
|  45|0x0000000082d00000, 0x0000000082e00000, 0x0000000082e00000|100%| O|  |TAMS 0x0000000082e00000, 0x0000000082d00000| Untracked 
|  46|0x0000000082e00000, 0x0000000082f00000, 0x0000000082f00000|100%| O|  |TAMS 0x0000000082f00000, 0x0000000082e00000| Untracked 
|  47|0x0000000082f00000, 0x0000000083000000, 0x0000000083000000|100%| O|  |TAMS 0x0000000083000000, 0x0000000082f00000| Untracked 
|  48|0x0000000083000000, 0x0000000083100000, 0x0000000083100000|100%| O|  |TAMS 0x0000000083100000, 0x0000000083000000| Untracked 
|  49|0x0000000083100000, 0x0000000083200000, 0x0000000083200000|100%| O|  |TAMS 0x0000000083200000, 0x0000000083100000| Untracked 
|  50|0x0000000083200000, 0x0000000083300000, 0x0000000083300000|100%| O|  |TAMS 0x0000000083300000, 0x0000000083200000| Untracked 
|  51|0x0000000083300000, 0x0000000083400000, 0x0000000083400000|100%| O|  |TAMS 0x0000000083400000, 0x0000000083300000| Untracked 
|  52|0x0000000083400000, 0x0000000083500000, 0x0000000083500000|100%|HS|  |TAMS 0x0000000083500000, 0x0000000083400000| Complete 
|  53|0x0000000083500000, 0x0000000083600000, 0x0000000083600000|100%|HC|  |TAMS 0x0000000083600000, 0x0000000083500000| Complete 
|  54|0x0000000083600000, 0x0000000083700000, 0x0000000083700000|100%|HC|  |TAMS 0x0000000083700000, 0x0000000083600000| Complete 
|  55|0x0000000083700000, 0x0000000083800000, 0x0000000083800000|100%|HC|  |TAMS 0x0000000083800000, 0x0000000083700000| Complete 
|  56|0x0000000083800000, 0x0000000083900000, 0x0000000083900000|100%| O|  |TAMS 0x0000000083900000, 0x0000000083800000| Untracked 
|  57|0x0000000083900000, 0x0000000083a00000, 0x0000000083a00000|100%| O|  |TAMS 0x0000000083a00000, 0x0000000083900000| Untracked 
|  58|0x0000000083a00000, 0x0000000083b00000, 0x0000000083b00000|100%| O|  |TAMS 0x0000000083b00000, 0x0000000083a00000| Untracked 
|  59|0x0000000083b00000, 0x0000000083c00000, 0x0000000083c00000|100%| O|  |TAMS 0x0000000083c00000, 0x0000000083b00000| Untracked 
|  60|0x0000000083c00000, 0x0000000083d00000, 0x0000000083d00000|100%| O|  |TAMS 0x0000000083d00000, 0x0000000083c00000| Untracked 
|  61|0x0000000083d00000, 0x0000000083e00000, 0x0000000083e00000|100%| O|  |TAMS 0x0000000083e00000, 0x0000000083d00000| Untracked 
|  62|0x0000000083e00000, 0x0000000083f00000, 0x0000000083f00000|100%| O|  |TAMS 0x0000000083f00000, 0x0000000083e00000| Untracked 
|  63|0x0000000083f00000, 0x0000000084000000, 0x0000000084000000|100%| O|  |TAMS 0x0000000084000000, 0x0000000083f00000| Untracked 
|  64|0x0000000084000000, 0x0000000084100000, 0x0000000084100000|100%| O|  |TAMS 0x0000000084100000, 0x0000000084000000| Untracked 
|  65|0x0000000084100000, 0x0000000084200000, 0x0000000084200000|100%|HS|  |TAMS 0x0000000084200000, 0x0000000084100000| Complete 
|  66|0x0000000084200000, 0x0000000084300000, 0x0000000084300000|100%|HS|  |TAMS 0x0000000084300000, 0x0000000084200000| Complete 
|  67|0x0000000084300000, 0x0000000084400000, 0x0000000084400000|100%|HS|  |TAMS 0x0000000084400000, 0x0000000084300000| Complete 
|  68|0x0000000084400000, 0x0000000084500000, 0x0000000084500000|100%| O|  |TAMS 0x0000000084500000, 0x0000000084400000| Untracked 
|  69|0x0000000084500000, 0x0000000084600000, 0x0000000084600000|100%| O|  |TAMS 0x0000000084600000, 0x0000000084500000| Untracked 
|  70|0x0000000084600000, 0x0000000084700000, 0x0000000084700000|100%| O|  |TAMS 0x0000000084700000, 0x0000000084600000| Untracked 
|  71|0x0000000084700000, 0x0000000084800000, 0x0000000084800000|100%|HS|  |TAMS 0x0000000084800000, 0x0000000084700000| Complete 
|  72|0x0000000084800000, 0x0000000084900000, 0x0000000084900000|100%| O|  |TAMS 0x0000000084900000, 0x0000000084800000| Untracked 
|  73|0x0000000084900000, 0x0000000084a00000, 0x0000000084a00000|100%| O|  |TAMS 0x0000000084a00000, 0x0000000084900000| Untracked 
|  74|0x0000000084a00000, 0x0000000084b00000, 0x0000000084b00000|100%| O|  |TAMS 0x0000000084b00000, 0x0000000084a00000| Untracked 
|  75|0x0000000084b00000, 0x0000000084c00000, 0x0000000084c00000|100%| O|  |TAMS 0x0000000084c00000, 0x0000000084b00000| Untracked 
|  76|0x0000000084c00000, 0x0000000084d00000, 0x0000000084d00000|100%| O|  |TAMS 0x0000000084d00000, 0x0000000084c00000| Untracked 
|  77|0x0000000084d00000, 0x0000000084e00000, 0x0000000084e00000|100%| O|  |TAMS 0x0000000084e00000, 0x0000000084d00000| Untracked 
|  78|0x0000000084e00000, 0x0000000084f00000, 0x0000000084f00000|100%| O|  |TAMS 0x0000000084f00000, 0x0000000084e00000| Untracked 
|  79|0x0000000084f00000, 0x0000000085000000, 0x0000000085000000|100%| O|  |TAMS 0x0000000085000000, 0x0000000084f00000| Untracked 
|  80|0x0000000085000000, 0x0000000085100000, 0x0000000085100000|100%| O|  |TAMS 0x0000000085100000, 0x0000000085000000| Untracked 
|  81|0x0000000085100000, 0x0000000085200000, 0x0000000085200000|100%| O|  |TAMS 0x0000000085200000, 0x0000000085100000| Untracked 
|  82|0x0000000085200000, 0x0000000085300000, 0x0000000085300000|100%| O|  |TAMS 0x000000008525d600, 0x0000000085200000| Untracked 
|  83|0x0000000085300000, 0x0000000085400000, 0x0000000085400000|100%| O|  |TAMS 0x0000000085300000, 0x0000000085300000| Untracked 
|  84|0x0000000085400000, 0x0000000085500000, 0x0000000085500000|100%| O|  |TAMS 0x0000000085400000, 0x0000000085400000| Untracked 
|  85|0x0000000085500000, 0x0000000085600000, 0x0000000085600000|100%| O|  |TAMS 0x0000000085500000, 0x0000000085500000| Untracked 
|  86|0x0000000085600000, 0x0000000085700000, 0x0000000085700000|100%| O|  |TAMS 0x0000000085600000, 0x0000000085600000| Untracked 
|  87|0x0000000085700000, 0x0000000085800000, 0x0000000085800000|100%| O|  |TAMS 0x0000000085700000, 0x0000000085700000| Untracked 
|  88|0x0000000085800000, 0x00000000858d4400, 0x0000000085900000| 82%| O|  |TAMS 0x0000000085800000, 0x0000000085800000| Untracked 
|  89|0x0000000085900000, 0x0000000085900000, 0x0000000085a00000|  0%| F|  |TAMS 0x0000000085900000, 0x0000000085900000| Untracked 
|  90|0x0000000085a00000, 0x0000000085a00000, 0x0000000085b00000|  0%| F|  |TAMS 0x0000000085a00000, 0x0000000085a00000| Untracked 
|  91|0x0000000085b00000, 0x0000000085b00000, 0x0000000085c00000|  0%| F|  |TAMS 0x0000000085b00000, 0x0000000085b00000| Untracked 
|  92|0x0000000085c00000, 0x0000000085c00000, 0x0000000085d00000|  0%| F|  |TAMS 0x0000000085c00000, 0x0000000085c00000| Untracked 
|  93|0x0000000085d00000, 0x0000000085d00000, 0x0000000085e00000|  0%| F|  |TAMS 0x0000000085d00000, 0x0000000085d00000| Untracked 
|  94|0x0000000085e00000, 0x0000000085e00000, 0x0000000085f00000|  0%| F|  |TAMS 0x0000000085e00000, 0x0000000085e00000| Untracked 
|  95|0x0000000085f00000, 0x0000000085f00000, 0x0000000086000000|  0%| F|  |TAMS 0x0000000085f00000, 0x0000000085f00000| Untracked 
|  96|0x0000000086000000, 0x0000000086000000, 0x0000000086100000|  0%| F|  |TAMS 0x0000000086000000, 0x0000000086000000| Untracked 
|  97|0x0000000086100000, 0x0000000086100000, 0x0000000086200000|  0%| F|  |TAMS 0x0000000086100000, 0x0000000086100000| Untracked 
|  98|0x0000000086200000, 0x0000000086200000, 0x0000000086300000|  0%| F|  |TAMS 0x0000000086200000, 0x0000000086200000| Untracked 
|  99|0x0000000086300000, 0x0000000086300000, 0x0000000086400000|  0%| F|  |TAMS 0x0000000086300000, 0x0000000086300000| Untracked 
| 100|0x0000000086400000, 0x0000000086400000, 0x0000000086500000|  0%| F|  |TAMS 0x0000000086400000, 0x0000000086400000| Untracked 
| 101|0x0000000086500000, 0x0000000086500000, 0x0000000086600000|  0%| F|  |TAMS 0x0000000086500000, 0x0000000086500000| Untracked 
| 102|0x0000000086600000, 0x0000000086600000, 0x0000000086700000|  0%| F|  |TAMS 0x0000000086600000, 0x0000000086600000| Untracked 
| 103|0x0000000086700000, 0x0000000086700000, 0x0000000086800000|  0%| F|  |TAMS 0x0000000086700000, 0x0000000086700000| Untracked 
| 104|0x0000000086800000, 0x0000000086800000, 0x0000000086900000|  0%| F|  |TAMS 0x0000000086800000, 0x0000000086800000| Untracked 
| 105|0x0000000086900000, 0x0000000086900000, 0x0000000086a00000|  0%| F|  |TAMS 0x0000000086900000, 0x0000000086900000| Untracked 
| 106|0x0000000086a00000, 0x0000000086a00000, 0x0000000086b00000|  0%| F|  |TAMS 0x0000000086a00000, 0x0000000086a00000| Untracked 
| 107|0x0000000086b00000, 0x0000000086b00000, 0x0000000086c00000|  0%| F|  |TAMS 0x0000000086b00000, 0x0000000086b00000| Untracked 
| 108|0x0000000086c00000, 0x0000000086c00000, 0x0000000086d00000|  0%| F|  |TAMS 0x0000000086c00000, 0x0000000086c00000| Untracked 
| 109|0x0000000086d00000, 0x0000000086d00000, 0x0000000086e00000|  0%| F|  |TAMS 0x0000000086d00000, 0x0000000086d00000| Untracked 
| 110|0x0000000086e00000, 0x0000000086e00000, 0x0000000086f00000|  0%| F|  |TAMS 0x0000000086e00000, 0x0000000086e00000| Untracked 
| 111|0x0000000086f00000, 0x0000000086f00000, 0x0000000087000000|  0%| F|  |TAMS 0x0000000086f00000, 0x0000000086f00000| Untracked 
| 112|0x0000000087000000, 0x0000000087000000, 0x0000000087100000|  0%| F|  |TAMS 0x0000000087000000, 0x0000000087000000| Untracked 
| 113|0x0000000087100000, 0x0000000087100000, 0x0000000087200000|  0%| F|  |TAMS 0x0000000087100000, 0x0000000087100000| Untracked 
| 114|0x0000000087200000, 0x0000000087200000, 0x0000000087300000|  0%| F|  |TAMS 0x0000000087200000, 0x0000000087200000| Untracked 
| 115|0x0000000087300000, 0x0000000087300000, 0x0000000087400000|  0%| F|  |TAMS 0x0000000087300000, 0x0000000087300000| Untracked 
| 116|0x0000000087400000, 0x0000000087400000, 0x0000000087500000|  0%| F|  |TAMS 0x0000000087400000, 0x0000000087400000| Untracked 
| 117|0x0000000087500000, 0x0000000087500000, 0x0000000087600000|  0%| F|  |TAMS 0x0000000087500000, 0x0000000087500000| Untracked 
| 118|0x0000000087600000, 0x0000000087600000, 0x0000000087700000|  0%| F|  |TAMS 0x0000000087600000, 0x0000000087600000| Untracked 
| 119|0x0000000087700000, 0x0000000087700000, 0x0000000087800000|  0%| F|  |TAMS 0x0000000087700000, 0x0000000087700000| Untracked 
| 120|0x0000000087800000, 0x0000000087800000, 0x0000000087900000|  0%| F|  |TAMS 0x0000000087800000, 0x0000000087800000| Untracked 
| 121|0x0000000087900000, 0x0000000087900000, 0x0000000087a00000|  0%| F|  |TAMS 0x0000000087900000, 0x0000000087900000| Untracked 
| 122|0x0000000087a00000, 0x0000000087a3ed90, 0x0000000087b00000| 24%| S|CS|TAMS 0x0000000087a00000, 0x0000000087a00000| Complete 
| 123|0x0000000087b00000, 0x0000000087c00000, 0x0000000087c00000|100%| S|CS|TAMS 0x0000000087b00000, 0x0000000087b00000| Complete 
| 124|0x0000000087c00000, 0x0000000087d00000, 0x0000000087d00000|100%| S|CS|TAMS 0x0000000087c00000, 0x0000000087c00000| Complete 
| 125|0x0000000087d00000, 0x0000000087e00000, 0x0000000087e00000|100%| S|CS|TAMS 0x0000000087d00000, 0x0000000087d00000| Complete 
| 126|0x0000000087e00000, 0x0000000087f00000, 0x0000000087f00000|100%| S|CS|TAMS 0x0000000087e00000, 0x0000000087e00000| Complete 
| 127|0x0000000087f00000, 0x0000000088000000, 0x0000000088000000|100%| S|CS|TAMS 0x0000000087f00000, 0x0000000087f00000| Complete 
| 128|0x0000000088000000, 0x0000000088100000, 0x0000000088100000|100%| S|CS|TAMS 0x0000000088000000, 0x0000000088000000| Complete 
| 129|0x0000000088100000, 0x0000000088100000, 0x0000000088200000|  0%| F|  |TAMS 0x0000000088100000, 0x0000000088100000| Untracked 
| 130|0x0000000088200000, 0x0000000088200000, 0x0000000088300000|  0%| F|  |TAMS 0x0000000088200000, 0x0000000088200000| Untracked 
| 131|0x0000000088300000, 0x0000000088300000, 0x0000000088400000|  0%| F|  |TAMS 0x0000000088300000, 0x0000000088300000| Untracked 
| 132|0x0000000088400000, 0x0000000088400000, 0x0000000088500000|  0%| F|  |TAMS 0x0000000088400000, 0x0000000088400000| Untracked 
| 133|0x0000000088500000, 0x0000000088500000, 0x0000000088600000|  0%| F|  |TAMS 0x0000000088500000, 0x0000000088500000| Untracked 
| 134|0x0000000088600000, 0x0000000088600000, 0x0000000088700000|  0%| F|  |TAMS 0x0000000088600000, 0x0000000088600000| Untracked 
| 135|0x0000000088700000, 0x0000000088800000, 0x0000000088800000|100%| S|CS|TAMS 0x0000000088700000, 0x0000000088700000| Complete 
| 136|0x0000000088800000, 0x0000000088900000, 0x0000000088900000|100%| S|CS|TAMS 0x0000000088800000, 0x0000000088800000| Complete 
| 137|0x0000000088900000, 0x0000000088900000, 0x0000000088a00000|  0%| F|  |TAMS 0x0000000088900000, 0x0000000088900000| Untracked 
| 138|0x0000000088a00000, 0x0000000088a00000, 0x0000000088b00000|  0%| F|  |TAMS 0x0000000088a00000, 0x0000000088a00000| Untracked 
| 139|0x0000000088b00000, 0x0000000088b00000, 0x0000000088c00000|  0%| F|  |TAMS 0x0000000088b00000, 0x0000000088b00000| Untracked 
| 140|0x0000000088c00000, 0x0000000088c00000, 0x0000000088d00000|  0%| F|  |TAMS 0x0000000088c00000, 0x0000000088c00000| Untracked 
| 141|0x0000000088d00000, 0x0000000088d00000, 0x0000000088e00000|  0%| F|  |TAMS 0x0000000088d00000, 0x0000000088d00000| Untracked 
| 142|0x0000000088e00000, 0x0000000088e00000, 0x0000000088f00000|  0%| F|  |TAMS 0x0000000088e00000, 0x0000000088e00000| Untracked 
| 143|0x0000000088f00000, 0x0000000088f00000, 0x0000000089000000|  0%| F|  |TAMS 0x0000000088f00000, 0x0000000088f00000| Untracked 
| 144|0x0000000089000000, 0x0000000089000000, 0x0000000089100000|  0%| F|  |TAMS 0x0000000089000000, 0x0000000089000000| Untracked 
| 145|0x0000000089100000, 0x0000000089100000, 0x0000000089200000|  0%| F|  |TAMS 0x0000000089100000, 0x0000000089100000| Untracked 
| 146|0x0000000089200000, 0x0000000089200000, 0x0000000089300000|  0%| F|  |TAMS 0x0000000089200000, 0x0000000089200000| Untracked 
| 147|0x0000000089300000, 0x0000000089300000, 0x0000000089400000|  0%| F|  |TAMS 0x0000000089300000, 0x0000000089300000| Untracked 
| 148|0x0000000089400000, 0x0000000089400000, 0x0000000089500000|  0%| F|  |TAMS 0x0000000089400000, 0x0000000089400000| Untracked 
| 149|0x0000000089500000, 0x0000000089500000, 0x0000000089600000|  0%| F|  |TAMS 0x0000000089500000, 0x0000000089500000| Untracked 
| 150|0x0000000089600000, 0x0000000089600000, 0x0000000089700000|  0%| F|  |TAMS 0x0000000089600000, 0x0000000089600000| Untracked 
| 151|0x0000000089700000, 0x0000000089700000, 0x0000000089800000|  0%| F|  |TAMS 0x0000000089700000, 0x0000000089700000| Untracked 
| 152|0x0000000089800000, 0x0000000089800000, 0x0000000089900000|  0%| F|  |TAMS 0x0000000089800000, 0x0000000089800000| Untracked 
| 153|0x0000000089900000, 0x0000000089900000, 0x0000000089a00000|  0%| F|  |TAMS 0x0000000089900000, 0x0000000089900000| Untracked 
| 154|0x0000000089a00000, 0x0000000089a00000, 0x0000000089b00000|  0%| F|  |TAMS 0x0000000089a00000, 0x0000000089a00000| Untracked 
| 155|0x0000000089b00000, 0x0000000089b00000, 0x0000000089c00000|  0%| F|  |TAMS 0x0000000089b00000, 0x0000000089b00000| Untracked 
| 156|0x0000000089c00000, 0x0000000089c00000, 0x0000000089d00000|  0%| F|  |TAMS 0x0000000089c00000, 0x0000000089c00000| Untracked 
| 157|0x0000000089d00000, 0x0000000089d00000, 0x0000000089e00000|  0%| F|  |TAMS 0x0000000089d00000, 0x0000000089d00000| Untracked 
| 158|0x0000000089e00000, 0x0000000089e00000, 0x0000000089f00000|  0%| F|  |TAMS 0x0000000089e00000, 0x0000000089e00000| Untracked 
| 159|0x0000000089f00000, 0x0000000089f00000, 0x000000008a000000|  0%| F|  |TAMS 0x0000000089f00000, 0x0000000089f00000| Untracked 
| 160|0x000000008a000000, 0x000000008a000000, 0x000000008a100000|  0%| F|  |TAMS 0x000000008a000000, 0x000000008a000000| Untracked 
| 161|0x000000008a100000, 0x000000008a100000, 0x000000008a200000|  0%| F|  |TAMS 0x000000008a100000, 0x000000008a100000| Untracked 
| 162|0x000000008a200000, 0x000000008a200000, 0x000000008a300000|  0%| F|  |TAMS 0x000000008a200000, 0x000000008a200000| Untracked 
| 163|0x000000008a300000, 0x000000008a300000, 0x000000008a400000|  0%| F|  |TAMS 0x000000008a300000, 0x000000008a300000| Untracked 
| 164|0x000000008a400000, 0x000000008a400000, 0x000000008a500000|  0%| F|  |TAMS 0x000000008a400000, 0x000000008a400000| Untracked 
| 165|0x000000008a500000, 0x000000008a500000, 0x000000008a600000|  0%| F|  |TAMS 0x000000008a500000, 0x000000008a500000| Untracked 
| 166|0x000000008a600000, 0x000000008a600000, 0x000000008a700000|  0%| F|  |TAMS 0x000000008a600000, 0x000000008a600000| Untracked 
| 167|0x000000008a700000, 0x000000008a700000, 0x000000008a800000|  0%| F|  |TAMS 0x000000008a700000, 0x000000008a700000| Untracked 
| 168|0x000000008a800000, 0x000000008a800000, 0x000000008a900000|  0%| F|  |TAMS 0x000000008a800000, 0x000000008a800000| Untracked 
| 169|0x000000008a900000, 0x000000008a900000, 0x000000008aa00000|  0%| F|  |TAMS 0x000000008a900000, 0x000000008a900000| Untracked 
| 170|0x000000008aa00000, 0x000000008aa00000, 0x000000008ab00000|  0%| F|  |TAMS 0x000000008aa00000, 0x000000008aa00000| Untracked 
| 171|0x000000008ab00000, 0x000000008ab00000, 0x000000008ac00000|  0%| F|  |TAMS 0x000000008ab00000, 0x000000008ab00000| Untracked 
| 172|0x000000008ac00000, 0x000000008ac00000, 0x000000008ad00000|  0%| F|  |TAMS 0x000000008ac00000, 0x000000008ac00000| Untracked 
| 173|0x000000008ad00000, 0x000000008ad00000, 0x000000008ae00000|  0%| F|  |TAMS 0x000000008ad00000, 0x000000008ad00000| Untracked 
| 174|0x000000008ae00000, 0x000000008ae00000, 0x000000008af00000|  0%| F|  |TAMS 0x000000008ae00000, 0x000000008ae00000| Untracked 
| 175|0x000000008af00000, 0x000000008af00000, 0x000000008b000000|  0%| F|  |TAMS 0x000000008af00000, 0x000000008af00000| Untracked 
| 176|0x000000008b000000, 0x000000008b000000, 0x000000008b100000|  0%| F|  |TAMS 0x000000008b000000, 0x000000008b000000| Untracked 
| 177|0x000000008b100000, 0x000000008b100000, 0x000000008b200000|  0%| F|  |TAMS 0x000000008b100000, 0x000000008b100000| Untracked 
| 178|0x000000008b200000, 0x000000008b200000, 0x000000008b300000|  0%| F|  |TAMS 0x000000008b200000, 0x000000008b200000| Untracked 
| 179|0x000000008b300000, 0x000000008b300000, 0x000000008b400000|  0%| F|  |TAMS 0x000000008b300000, 0x000000008b300000| Untracked 
| 180|0x000000008b400000, 0x000000008b400000, 0x000000008b500000|  0%| F|  |TAMS 0x000000008b400000, 0x000000008b400000| Untracked 
| 181|0x000000008b500000, 0x000000008b500000, 0x000000008b600000|  0%| F|  |TAMS 0x000000008b500000, 0x000000008b500000| Untracked 
| 182|0x000000008b600000, 0x000000008b600000, 0x000000008b700000|  0%| F|  |TAMS 0x000000008b600000, 0x000000008b600000| Untracked 
| 183|0x000000008b700000, 0x000000008b700000, 0x000000008b800000|  0%| F|  |TAMS 0x000000008b700000, 0x000000008b700000| Untracked 
| 184|0x000000008b800000, 0x000000008b800000, 0x000000008b900000|  0%| F|  |TAMS 0x000000008b800000, 0x000000008b800000| Untracked 
| 185|0x000000008b900000, 0x000000008b900000, 0x000000008ba00000|  0%| F|  |TAMS 0x000000008b900000, 0x000000008b900000| Untracked 
| 186|0x000000008ba00000, 0x000000008ba00000, 0x000000008bb00000|  0%| F|  |TAMS 0x000000008ba00000, 0x000000008ba00000| Untracked 
| 187|0x000000008bb00000, 0x000000008bb00000, 0x000000008bc00000|  0%| F|  |TAMS 0x000000008bb00000, 0x000000008bb00000| Untracked 
| 188|0x000000008bc00000, 0x000000008bc00000, 0x000000008bd00000|  0%| F|  |TAMS 0x000000008bc00000, 0x000000008bc00000| Untracked 
| 189|0x000000008bd00000, 0x000000008bd00000, 0x000000008be00000|  0%| F|  |TAMS 0x000000008bd00000, 0x000000008bd00000| Untracked 
| 190|0x000000008be00000, 0x000000008be00000, 0x000000008bf00000|  0%| F|  |TAMS 0x000000008be00000, 0x000000008be00000| Untracked 
| 191|0x000000008bf00000, 0x000000008bf00000, 0x000000008c000000|  0%| F|  |TAMS 0x000000008bf00000, 0x000000008bf00000| Untracked 
| 192|0x000000008c000000, 0x000000008c000000, 0x000000008c100000|  0%| F|  |TAMS 0x000000008c000000, 0x000000008c000000| Untracked 
| 193|0x000000008c100000, 0x000000008c100000, 0x000000008c200000|  0%| F|  |TAMS 0x000000008c100000, 0x000000008c100000| Untracked 
| 194|0x000000008c200000, 0x000000008c200000, 0x000000008c300000|  0%| F|  |TAMS 0x000000008c200000, 0x000000008c200000| Untracked 
| 195|0x000000008c300000, 0x000000008c300000, 0x000000008c400000|  0%| F|  |TAMS 0x000000008c300000, 0x000000008c300000| Untracked 
| 196|0x000000008c400000, 0x000000008c400000, 0x000000008c500000|  0%| F|  |TAMS 0x000000008c400000, 0x000000008c400000| Untracked 
| 197|0x000000008c500000, 0x000000008c500000, 0x000000008c600000|  0%| F|  |TAMS 0x000000008c500000, 0x000000008c500000| Untracked 
| 198|0x000000008c600000, 0x000000008c600000, 0x000000008c700000|  0%| F|  |TAMS 0x000000008c600000, 0x000000008c600000| Untracked 
| 199|0x000000008c700000, 0x000000008c700000, 0x000000008c800000|  0%| F|  |TAMS 0x000000008c700000, 0x000000008c700000| Untracked 
| 200|0x000000008c800000, 0x000000008c88d168, 0x000000008c900000| 55%| E|  |TAMS 0x000000008c800000, 0x000000008c800000| Complete 

Card table byte_map: [0x0000023ae7980000,0x0000023ae7d80000] _byte_map_base: 0x0000023ae7580000

Marking Bits (Prev, Next): (CMBitMap*) 0x0000023ad0a8b690, (CMBitMap*) 0x0000023ad0a8b6d0
 Prev Bits: [0x0000023ae8180000, 0x0000023aea180000)
 Next Bits: [0x0000023aea180000, 0x0000023aec180000)

Polling page: 0x0000023ace9a0000

Metaspace:

Usage:
  Non-class:     72.66 MB used.
      Class:     12.00 MB used.
       Both:     84.65 MB used.

Virtual space:
  Non-class space:      128.00 MB reserved,      73.06 MB ( 57%) committed,  2 nodes.
      Class space:      416.00 MB reserved,      12.38 MB (  3%) committed,  1 nodes.
             Both:      544.00 MB reserved,      85.44 MB ( 16%) committed. 

Chunk freelists:
   Non-Class:  6.56 MB
       Class:  3.67 MB
        Both:  10.23 MB

MaxMetaspaceSize: 512.00 MB
CompressedClassSpaceSize: 416.00 MB
Initial GC threshold: 21.00 MB
Current GC threshold: 123.69 MB
CDS: on
MetaspaceReclaimPolicy: balanced
 - commit_granule_bytes: 65536.
 - commit_granule_words: 8192.
 - virtual_space_node_default_size: 8388608.
 - enlarge_chunks_in_place: 1.
 - new_chunks_are_fully_committed: 0.
 - uncommit_free_chunks: 1.
 - use_allocation_guard: 0.
 - handle_deallocations: 1.


Internal statistics:

num_allocs_failed_limit: 6.
num_arena_births: 1018.
num_arena_deaths: 0.
num_vsnodes_births: 3.
num_vsnodes_deaths: 0.
num_space_committed: 1367.
num_space_uncommitted: 0.
num_chunks_returned_to_freelist: 6.
num_chunks_taken_from_freelist: 4642.
num_chunk_merges: 6.
num_chunk_splits: 3102.
num_chunks_enlarged: 2066.
num_inconsistent_stats: 0.

CodeHeap 'non-profiled nmethods': size=120000Kb used=5266Kb max_used=5266Kb free=114733Kb
 bounds [0x0000023ae0050000, 0x0000023ae0580000, 0x0000023ae7580000]
CodeHeap 'profiled nmethods': size=120000Kb used=17244Kb max_used=17244Kb free=102755Kb
 bounds [0x0000023ad8580000, 0x0000023ad9660000, 0x0000023adfab0000]
CodeHeap 'non-nmethods': size=5760Kb used=2398Kb max_used=2447Kb free=3361Kb
 bounds [0x0000023adfab0000, 0x0000023adfd30000, 0x0000023ae0050000]
 total_blobs=9760 nmethods=8845 adapters=827
 compilation: enabled
              stopped_count=0, restarted_count=0
 full_count=0

Compilation events (20 events):
Event: 30.713 Thread 0x0000023aee66d710 10275       3       org.gradle.api.internal.collections.SortedSetElementSource::collectorFromProvider (22 bytes)
Event: 30.713 Thread 0x0000023aee66d710 nmethod 10275 0x0000023ad9655190 code [0x0000023ad96553a0, 0x0000023ad9655be8]
Event: 30.713 Thread 0x0000023aee66d710 10276       3       org.gradle.api.internal.DefaultNamedDomainObjectCollection$UnfilteredIndex::putPending (13 bytes)
Event: 30.713 Thread 0x0000023aee66d710 nmethod 10276 0x0000023ad8f8c010 code [0x0000023ad8f8c1c0, 0x0000023ad8f8c388]
Event: 30.713 Thread 0x0000023aee66d710 10277       3       org.gradle.api.internal.DefaultNamedDomainObjectCollection::deferredElementKnown (20 bytes)
Event: 30.714 Thread 0x0000023aee66d710 nmethod 10277 0x0000023ad9655e90 code [0x0000023ad9656060, 0x0000023ad96565e8]
Event: 30.714 Thread 0x0000023aee66d710 10278       3       org.gradle.api.internal.DefaultNamedDomainObjectCollection$ProviderBackedElementInfo::<init> (15 bytes)
Event: 30.714 Thread 0x0000023aee66d710 nmethod 10278 0x0000023ad9656790 code [0x0000023ad9656940, 0x0000023ad9656b58]
Event: 30.714 Thread 0x0000023aee66d710 10281       3       java.util.concurrent.atomic.AtomicLong::weakCompareAndSetVolatile (13 bytes)
Event: 30.714 Thread 0x0000023aee66d710 nmethod 10281 0x0000023ad9656c10 code [0x0000023ad9656dc0, 0x0000023ad9656f28]
Event: 30.714 Thread 0x0000023aee66d710 10279       3       org.gradle.api.internal.tasks.DefaultTaskContainer$RegisterDetails::<init> (10 bytes)
Event: 30.714 Thread 0x0000023aee66d710 nmethod 10279 0x0000023ad9657010 code [0x0000023ad96571a0, 0x0000023ad9657358]
Event: 30.714 Thread 0x0000023aee66d710 10280       3       org.gradle.api.internal.tasks.DefaultTaskContainer$3::call (6 bytes)
Event: 30.714 Thread 0x0000023aee66d710 nmethod 10280 0x0000023ad8ec4890 code [0x0000023ad8ec4a20, 0x0000023ad8ec4b68]
Event: 30.714 Thread 0x0000023aee66d710 10282       1       com.android.build.api.component.impl.ComponentImpl::getVariantDependencies (5 bytes)
Event: 30.714 Thread 0x0000023aee66d710 nmethod 10282 0x0000023ae025bb10 code [0x0000023ae025bca0, 0x0000023ae025bd78]
Event: 30.715 Thread 0x0000023aee66d710 10283       3       org.gradle.api.internal.tasks.DefaultTaskContainer$TaskCreatingProvider::<init> (38 bytes)
Event: 30.715 Thread 0x0000023aee66d710 nmethod 10283 0x0000023ad9657410 code [0x0000023ad96575e0, 0x0000023ad9657978]
Event: 30.717 Thread 0x0000023aee66d710 10284       1       org.gradle.api.internal.artifacts.configurations.DefaultConfiguration$ArtifactViewConfiguration::access$2700 (5 bytes)
Event: 30.717 Thread 0x0000023aee66d710 nmethod 10284 0x0000023ae025b810 code [0x0000023ae025b9a0, 0x0000023ae025ba58]

GC Heap History (20 events):
Event: 20.724 GC heap before
{Heap before GC invocations=35 (full 0):
 garbage-first heap   total 142336K, used 83101K [0x0000000080000000, 0x0000000100000000)
  region size 1024K, 6 young (6144K), 2 survivors (2048K)
 Metaspace       used 69413K, committed 70144K, reserved 491520K
  class space    used 9744K, committed 10048K, reserved 425984K
}
Event: 20.727 GC heap after
{Heap after GC invocations=36 (full 0):
 garbage-first heap   total 142336K, used 79489K [0x0000000080000000, 0x0000000100000000)
  region size 1024K, 1 young (1024K), 1 survivors (1024K)
 Metaspace       used 69413K, committed 70144K, reserved 491520K
  class space    used 9744K, committed 10048K, reserved 425984K
}
Event: 21.060 GC heap before
{Heap before GC invocations=36 (full 0):
 garbage-first heap   total 142336K, used 84609K [0x0000000080000000, 0x0000000100000000)
  region size 1024K, 7 young (7168K), 1 survivors (1024K)
 Metaspace       used 70682K, committed 71488K, reserved 491520K
  class space    used 9877K, committed 10240K, reserved 425984K
}
Event: 21.063 GC heap after
{Heap after GC invocations=37 (full 0):
 garbage-first heap   total 142336K, used 80753K [0x0000000080000000, 0x0000000100000000)
  region size 1024K, 2 young (2048K), 2 survivors (2048K)
 Metaspace       used 70682K, committed 71488K, reserved 491520K
  class space    used 9877K, committed 10240K, reserved 425984K
}
Event: 21.452 GC heap before
{Heap before GC invocations=38 (full 0):
 garbage-first heap   total 167936K, used 114545K [0x0000000080000000, 0x0000000100000000)
  region size 1024K, 29 young (29696K), 2 survivors (2048K)
 Metaspace       used 71804K, committed 72576K, reserved 491520K
  class space    used 10031K, committed 10368K, reserved 425984K
}
Event: 21.456 GC heap after
{Heap after GC invocations=39 (full 0):
 garbage-first heap   total 167936K, used 83330K [0x0000000080000000, 0x0000000100000000)
  region size 1024K, 4 young (4096K), 4 survivors (4096K)
 Metaspace       used 71804K, committed 72576K, reserved 491520K
  class space    used 10031K, committed 10368K, reserved 425984K
}
Event: 21.533 GC heap before
{Heap before GC invocations=39 (full 0):
 garbage-first heap   total 167936K, used 87426K [0x0000000080000000, 0x0000000100000000)
  region size 1024K, 8 young (8192K), 4 survivors (4096K)
 Metaspace       used 72093K, committed 72768K, reserved 491520K
  class space    used 10069K, committed 10368K, reserved 425984K
}
Event: 21.537 GC heap after
{Heap after GC invocations=40 (full 0):
 garbage-first heap   total 167936K, used 83445K [0x0000000080000000, 0x0000000100000000)
  region size 1024K, 1 young (1024K), 1 survivors (1024K)
 Metaspace       used 72093K, committed 72768K, reserved 491520K
  class space    used 10069K, committed 10368K, reserved 425984K
}
Event: 22.496 GC heap before
{Heap before GC invocations=40 (full 0):
 garbage-first heap   total 167936K, used 122357K [0x0000000080000000, 0x0000000100000000)
  region size 1024K, 39 young (39936K), 1 survivors (1024K)
 Metaspace       used 74894K, committed 75648K, reserved 491520K
  class space    used 10442K, committed 10816K, reserved 425984K
}
Event: 22.499 GC heap after
{Heap after GC invocations=41 (full 0):
 garbage-first heap   total 167936K, used 84977K [0x0000000080000000, 0x0000000100000000)
  region size 1024K, 3 young (3072K), 3 survivors (3072K)
 Metaspace       used 74894K, committed 75648K, reserved 491520K
  class space    used 10442K, committed 10816K, reserved 425984K
}
Event: 23.298 GC heap before
{Heap before GC invocations=42 (full 0):
 garbage-first heap   total 167936K, used 124913K [0x0000000080000000, 0x0000000100000000)
  region size 1024K, 42 young (43008K), 3 survivors (3072K)
 Metaspace       used 76974K, committed 77760K, reserved 557056K
  class space    used 10718K, committed 11072K, reserved 425984K
}
Event: 23.307 GC heap after
{Heap after GC invocations=43 (full 0):
 garbage-first heap   total 167936K, used 87407K [0x0000000080000000, 0x0000000100000000)
  region size 1024K, 5 young (5120K), 5 survivors (5120K)
 Metaspace       used 76974K, committed 77760K, reserved 557056K
  class space    used 10718K, committed 11072K, reserved 425984K
}
Event: 23.360 GC heap before
{Heap before GC invocations=43 (full 0):
 garbage-first heap   total 167936K, used 90479K [0x0000000080000000, 0x0000000100000000)
  region size 1024K, 8 young (8192K), 5 survivors (5120K)
 Metaspace       used 76974K, committed 77760K, reserved 557056K
  class space    used 10718K, committed 11072K, reserved 425984K
}
Event: 23.365 GC heap after
{Heap after GC invocations=44 (full 0):
 garbage-first heap   total 205824K, used 87821K [0x0000000080000000, 0x0000000100000000)
  region size 1024K, 1 young (1024K), 1 survivors (1024K)
 Metaspace       used 76974K, committed 77760K, reserved 557056K
  class space    used 10718K, committed 11072K, reserved 425984K
}
Event: 27.998 GC heap before
{Heap before GC invocations=44 (full 0):
 garbage-first heap   total 205824K, used 149261K [0x0000000080000000, 0x0000000100000000)
  region size 1024K, 61 young (62464K), 1 survivors (1024K)
 Metaspace       used 79049K, committed 79744K, reserved 557056K
  class space    used 11014K, committed 11328K, reserved 425984K
}
Event: 28.002 GC heap after
{Heap after GC invocations=45 (full 0):
 garbage-first heap   total 205824K, used 91035K [0x0000000080000000, 0x0000000100000000)
  region size 1024K, 4 young (4096K), 4 survivors (4096K)
 Metaspace       used 79049K, committed 79744K, reserved 557056K
  class space    used 11014K, committed 11328K, reserved 425984K
}
Event: 29.250 GC heap before
{Heap before GC invocations=45 (full 0):
 garbage-first heap   total 205824K, used 154523K [0x0000000080000000, 0x0000000100000000)
  region size 1024K, 66 young (67584K), 4 survivors (4096K)
 Metaspace       used 83380K, committed 84160K, reserved 557056K
  class space    used 11769K, committed 12096K, reserved 425984K
}
Event: 29.258 GC heap after
{Heap after GC invocations=46 (full 0):
 garbage-first heap   total 205824K, used 93174K [0x0000000080000000, 0x0000000100000000)
  region size 1024K, 6 young (6144K), 6 survivors (6144K)
 Metaspace       used 83380K, committed 84160K, reserved 557056K
  class space    used 11769K, committed 12096K, reserved 425984K
}
Event: 30.727 GC heap before
{Heap before GC invocations=46 (full 0):
 garbage-first heap   total 205824K, used 158710K [0x0000000080000000, 0x0000000100000000)
  region size 1024K, 70 young (71680K), 6 survivors (6144K)
 Metaspace       used 86680K, committed 87488K, reserved 557056K
  class space    used 12283K, committed 12672K, reserved 425984K
}
Event: 30.738 GC heap after
{Heap after GC invocations=47 (full 0):
 garbage-first heap   total 205824K, used 99404K [0x0000000080000000, 0x0000000100000000)
  region size 1024K, 9 young (9216K), 9 survivors (9216K)
 Metaspace       used 86680K, committed 87488K, reserved 557056K
  class space    used 12283K, committed 12672K, reserved 425984K
}

Dll operation events (15 events):
Event: 0.010 Loaded shared library C:\Program Files\Eclipse Adoptium\jdk-17.0.15.6-hotspot\bin\java.dll
Event: 0.024 Loaded shared library C:\Program Files\Eclipse Adoptium\jdk-17.0.15.6-hotspot\bin\jsvml.dll
Event: 0.059 Loaded shared library C:\Program Files\Eclipse Adoptium\jdk-17.0.15.6-hotspot\bin\zip.dll
Event: 0.062 Loaded shared library C:\Program Files\Eclipse Adoptium\jdk-17.0.15.6-hotspot\bin\instrument.dll
Event: 0.064 Loaded shared library C:\Program Files\Eclipse Adoptium\jdk-17.0.15.6-hotspot\bin\net.dll
Event: 0.065 Loaded shared library C:\Program Files\Eclipse Adoptium\jdk-17.0.15.6-hotspot\bin\nio.dll
Event: 0.068 Loaded shared library C:\Program Files\Eclipse Adoptium\jdk-17.0.15.6-hotspot\bin\zip.dll
Event: 0.202 Loaded shared library C:\Program Files\Eclipse Adoptium\jdk-17.0.15.6-hotspot\bin\jimage.dll
Event: 0.249 Loaded shared library C:\Program Files\Eclipse Adoptium\jdk-17.0.15.6-hotspot\bin\verify.dll
Event: 0.371 Loaded shared library C:\Users\MSI\.gradle\native\68d5fa5c4cc2d200863cafc0d521ce42e7d3e7ee720ec0a83991735586a16f82\windows-amd64\native-platform.dll
Event: 0.383 Loaded shared library C:\Users\MSI\.gradle\native\e376f236ea51e6404a007f0833ffe2c6e607c4080706a723a18a27aeea778392\windows-amd64\native-platform-file-events.dll
Event: 1.123 Loaded shared library C:\Program Files\Eclipse Adoptium\jdk-17.0.15.6-hotspot\bin\management.dll
Event: 1.125 Loaded shared library C:\Program Files\Eclipse Adoptium\jdk-17.0.15.6-hotspot\bin\management_ext.dll
Event: 1.292 Loaded shared library C:\Program Files\Eclipse Adoptium\jdk-17.0.15.6-hotspot\bin\extnet.dll
Event: 1.459 Loaded shared library C:\Program Files\Eclipse Adoptium\jdk-17.0.15.6-hotspot\bin\sunmscapi.dll

Deoptimization events (20 events):
Event: 30.003 Thread 0x0000023af3bdb4d0 DEOPT PACKING pc=0x0000023ae0481db8 sp=0x000000ed84ef5e20
Event: 30.003 Thread 0x0000023af3bdb4d0 DEOPT UNPACKING pc=0x0000023adfb0a1a3 sp=0x000000ed84ef5d80 mode 2
Event: 30.019 Thread 0x0000023af3bdb4d0 Uncommon trap: trap_request=0xffffff45 fr.pc=0x0000023ae055a37c relative=0x00000000000055fc
Event: 30.019 Thread 0x0000023af3bdb4d0 Uncommon trap: reason=unstable_if action=reinterpret pc=0x0000023ae055a37c method=sun.reflect.generics.reflectiveObjects.ParameterizedTypeImpl.<init>(Ljava/lang/Class;[Ljava/lang/reflect/Type;Ljava/lang/reflect/Type;)V @ 16 c2
Event: 30.019 Thread 0x0000023af3bdb4d0 DEOPT PACKING pc=0x0000023ae055a37c sp=0x000000ed84ef8100
Event: 30.019 Thread 0x0000023af3bdb4d0 DEOPT UNPACKING pc=0x0000023adfb0a1a3 sp=0x000000ed84ef8028 mode 2
Event: 30.090 Thread 0x0000023af5ee4d00 Uncommon trap: trap_request=0xffffff45 fr.pc=0x0000023ae045d800 relative=0x0000000000000360
Event: 30.090 Thread 0x0000023af5ee4d00 Uncommon trap: reason=unstable_if action=reinterpret pc=0x0000023ae045d800 method=java.util.concurrent.ConcurrentLinkedQueue.offer(Ljava/lang/Object;)Z @ 42 c2
Event: 30.090 Thread 0x0000023af5ee4d00 DEOPT PACKING pc=0x0000023ae045d800 sp=0x000000ed861fe580
Event: 30.090 Thread 0x0000023af5ee4d00 DEOPT UNPACKING pc=0x0000023adfb0a1a3 sp=0x000000ed861fe530 mode 2
Event: 30.093 Thread 0x0000023af3bdb4d0 DEOPT PACKING pc=0x0000023ad8eabfe1 sp=0x000000ed84ef90b0
Event: 30.093 Thread 0x0000023af3bdb4d0 DEOPT UNPACKING pc=0x0000023adfb0ace3 sp=0x000000ed84ef85a8 mode 0
Event: 30.238 Thread 0x0000023af3bdb4d0 DEOPT PACKING pc=0x0000023ad9590a4c sp=0x000000ed84ef73c0
Event: 30.238 Thread 0x0000023af3bdb4d0 DEOPT UNPACKING pc=0x0000023adfb0ace3 sp=0x000000ed84ef68e0 mode 0
Event: 30.312 Thread 0x0000023af3bdb4d0 DEOPT PACKING pc=0x0000023ad9590a4c sp=0x000000ed84ef73b0
Event: 30.312 Thread 0x0000023af3bdb4d0 DEOPT UNPACKING pc=0x0000023adfb0ace3 sp=0x000000ed84ef68d0 mode 0
Event: 30.439 Thread 0x0000023af3bdb4d0 DEOPT PACKING pc=0x0000023ad90f79a6 sp=0x000000ed84ef4c20
Event: 30.439 Thread 0x0000023af3bdb4d0 DEOPT UNPACKING pc=0x0000023adfb0ace3 sp=0x000000ed84ef40d0 mode 0
Event: 30.512 Thread 0x0000023af3bdb4d0 DEOPT PACKING pc=0x0000023ad9590a4c sp=0x000000ed84ef8e20
Event: 30.512 Thread 0x0000023af3bdb4d0 DEOPT UNPACKING pc=0x0000023adfb0ace3 sp=0x000000ed84ef8340 mode 0

Classes loaded (20 events):
Event: 30.018 Loading class java/util/LinkedHashMapCustomizer
Event: 30.018 Loading class java/util/LinkedHashMapCustomizer done
Event: 30.463 Loading class sun/nio/fs/WindowsPathBeanInfo
Event: 30.463 Loading class sun/nio/fs/WindowsPathBeanInfo done
Event: 30.463 Loading class sun/nio/fs/WindowsPathBeanInfo
Event: 30.463 Loading class sun/nio/fs/WindowsPathBeanInfo done
Event: 30.464 Loading class sun/nio/fs/WindowsPathCustomizer
Event: 30.464 Loading class sun/nio/fs/WindowsPathCustomizer done
Event: 30.464 Loading class sun/nio/fs/WindowsPathCustomizer
Event: 30.464 Loading class sun/nio/fs/WindowsPathCustomizer done
Event: 30.465 Loading class java/nio/file/WatchEvent
Event: 30.466 Loading class java/nio/file/WatchEvent done
Event: 30.484 Loading class java/nio/file/PathsBeanInfo
Event: 30.484 Loading class java/nio/file/PathsBeanInfo done
Event: 30.485 Loading class java/nio/file/PathsBeanInfo
Event: 30.485 Loading class java/nio/file/PathsBeanInfo done
Event: 30.485 Loading class java/nio/file/PathsCustomizer
Event: 30.485 Loading class java/nio/file/PathsCustomizer done
Event: 30.485 Loading class java/nio/file/PathsCustomizer
Event: 30.485 Loading class java/nio/file/PathsCustomizer done

Classes unloaded (0 events):
No events

Classes redefined (0 events):
No events

Internal exceptions (20 events):
Event: 30.377 Thread 0x0000023af3bdb4d0 Exception <a 'java/lang/ClassNotFoundException'{0x0000000089617480}: com/android/build/gradle/internal/dsl/LintOptionsCustomizer> (0x0000000089617480) 
thrown [s\src\hotspot\share\classfile\systemDictionary.cpp, line 256]
Event: 30.434 Thread 0x0000023af3bdb4d0 Exception <a 'java/lang/ClassNotFoundException'{0x00000000896638b8}: com/android/build/gradle/internal/dsl/LintOptions_DecoratedCustomizer> (0x00000000896638b8) 
thrown [s\src\hotspot\share\classfile\systemDictionary.cpp, line 256]
Event: 30.440 Thread 0x0000023af3bdb4d0 Exception <a 'java/lang/ClassNotFoundException'{0x0000000089590de0}: com/google/common/collect/RegularImmutableSetBeanInfo> (0x0000000089590de0) 
thrown [s\src\hotspot\share\classfile\systemDictionary.cpp, line 256]
Event: 30.440 Thread 0x0000023af3bdb4d0 Exception <a 'java/lang/ClassNotFoundException'{0x000000008959f378}: com/google/common/collect/ImmutableSet$CachingAsListBeanInfo> (0x000000008959f378) 
thrown [s\src\hotspot\share\classfile\systemDictionary.cpp, line 256]
Event: 30.441 Thread 0x0000023af3bdb4d0 Exception <a 'java/lang/ClassNotFoundException'{0x00000000895ad3c0}: com/google/common/collect/ImmutableSet$CachingAsListCustomizer> (0x00000000895ad3c0) 
thrown [s\src\hotspot\share\classfile\systemDictionary.cpp, line 256]
Event: 30.442 Thread 0x0000023af3bdb4d0 Exception <a 'java/lang/ClassNotFoundException'{0x00000000895c1ae0}: com/google/common/collect/RegularImmutableSetCustomizer> (0x00000000895c1ae0) 
thrown [s\src\hotspot\share\classfile\systemDictionary.cpp, line 256]
Event: 30.448 Thread 0x0000023af3bdb4d0 Exception <a 'java/lang/ClassNotFoundException'{0x000000008946d5f8}: org/gradle/api/internal/artifacts/repositories/DefaultMavenArtifactRepository_DecoratedBeanInfo> (0x000000008946d5f8) 
thrown [s\src\hotspot\share\classfile\systemDictionary.cpp, line 256]
Event: 30.450 Thread 0x0000023af3bdb4d0 Exception <a 'java/lang/ClassNotFoundException'{0x0000000089489170}: org/gradle/api/internal/artifacts/repositories/DefaultMavenArtifactRepositoryBeanInfo> (0x0000000089489170) 
thrown [s\src\hotspot\share\classfile\systemDictionary.cpp, line 256]
Event: 30.450 Thread 0x0000023af3bdb4d0 Exception <a 'java/lang/ClassNotFoundException'{0x00000000894a4c20}: org/gradle/api/internal/artifacts/repositories/AbstractAuthenticationSupportedRepositoryBeanInfo> (0x00000000894a4c20) 
thrown [s\src\hotspot\share\classfile\systemDictionary.cpp, line 256]
Event: 30.451 Thread 0x0000023af3bdb4d0 Exception <a 'java/lang/ClassNotFoundException'{0x00000000894c06e0}: org/gradle/api/internal/artifacts/repositories/AbstractResolutionAwareArtifactRepositoryBeanInfo> (0x00000000894c06e0) 
thrown [s\src\hotspot\share\classfile\systemDictionary.cpp, line 256]
Event: 30.452 Thread 0x0000023af3bdb4d0 Exception <a 'java/lang/ClassNotFoundException'{0x00000000894dc770}: org/gradle/api/internal/artifacts/repositories/AbstractArtifactRepositoryBeanInfo> (0x00000000894dc770) 
thrown [s\src\hotspot\share\classfile\systemDictionary.cpp, line 256]
Event: 30.453 Thread 0x0000023af3bdb4d0 Exception <a 'java/lang/ClassNotFoundException'{0x00000000894f82b0}: org/gradle/api/internal/artifacts/repositories/AbstractArtifactRepositoryCustomizer> (0x00000000894f82b0) 
thrown [s\src\hotspot\share\classfile\systemDictionary.cpp, line 256]
Event: 30.455 Thread 0x0000023af3bdb4d0 Exception <a 'java/lang/ClassNotFoundException'{0x000000008932f870}: org/gradle/api/internal/artifacts/repositories/AbstractResolutionAwareArtifactRepositoryCustomizer> (0x000000008932f870) 
thrown [s\src\hotspot\share\classfile\systemDictionary.cpp, line 256]
Event: 30.456 Thread 0x0000023af3bdb4d0 Exception <a 'java/lang/ClassNotFoundException'{0x00000000893543f0}: org/gradle/api/internal/artifacts/repositories/AbstractAuthenticationSupportedRepositoryCustomizer> (0x00000000893543f0) 
thrown [s\src\hotspot\share\classfile\systemDictionary.cpp, line 256]
Event: 30.457 Thread 0x0000023af3bdb4d0 Exception <a 'java/lang/ClassNotFoundException'{0x0000000089382cf0}: org/gradle/api/internal/artifacts/repositories/DefaultMavenArtifactRepositoryCustomizer> (0x0000000089382cf0) 
thrown [s\src\hotspot\share\classfile\systemDictionary.cpp, line 256]
Event: 30.458 Thread 0x0000023af3bdb4d0 Exception <a 'java/lang/ClassNotFoundException'{0x00000000893b76b8}: org/gradle/api/internal/artifacts/repositories/DefaultMavenArtifactRepository_DecoratedCustomizer> (0x00000000893b76b8) 
thrown [s\src\hotspot\share\classfile\systemDictionary.cpp, line 256]
Event: 30.463 Thread 0x0000023af3bdb4d0 Exception <a 'java/lang/ClassNotFoundException'{0x00000000892b04b0}: sun/nio/fs/WindowsPathBeanInfo> (0x00000000892b04b0) 
thrown [s\src\hotspot\share\classfile\systemDictionary.cpp, line 256]
Event: 30.464 Thread 0x0000023af3bdb4d0 Exception <a 'java/lang/ClassNotFoundException'{0x00000000892bb238}: sun/nio/fs/WindowsPathCustomizer> (0x00000000892bb238) 
thrown [s\src\hotspot\share\classfile\systemDictionary.cpp, line 256]
Event: 30.485 Thread 0x0000023af3bdb4d0 Exception <a 'java/lang/ClassNotFoundException'{0x0000000089131d48}: java/nio/file/PathsBeanInfo> (0x0000000089131d48) 
thrown [s\src\hotspot\share\classfile\systemDictionary.cpp, line 256]
Event: 30.485 Thread 0x0000023af3bdb4d0 Exception <a 'java/lang/ClassNotFoundException'{0x000000008913ca60}: java/nio/file/PathsCustomizer> (0x000000008913ca60) 
thrown [s\src\hotspot\share\classfile\systemDictionary.cpp, line 256]

VM Operations (20 events):
Event: 24.979 Executing VM operation: Cleanup
Event: 24.979 Executing VM operation: Cleanup done
Event: 26.995 Executing VM operation: Cleanup
Event: 26.995 Executing VM operation: Cleanup done
Event: 27.604 Executing VM operation: HandshakeAllThreads
Event: 27.605 Executing VM operation: HandshakeAllThreads done
Event: 27.824 Executing VM operation: HandshakeAllThreads
Event: 27.824 Executing VM operation: HandshakeAllThreads done
Event: 27.998 Executing VM operation: G1CollectForAllocation
Event: 28.002 Executing VM operation: G1CollectForAllocation done
Event: 29.012 Executing VM operation: Cleanup
Event: 29.012 Executing VM operation: Cleanup done
Event: 29.250 Executing VM operation: G1CollectForAllocation
Event: 29.258 Executing VM operation: G1CollectForAllocation done
Event: 30.019 Executing VM operation: ICBufferFull
Event: 30.019 Executing VM operation: ICBufferFull done
Event: 30.631 Executing VM operation: ICBufferFull
Event: 30.631 Executing VM operation: ICBufferFull done
Event: 30.727 Executing VM operation: G1CollectForAllocation
Event: 30.738 Executing VM operation: G1CollectForAllocation done

Memory protections (0 events):
No events

Nmethod flushes (20 events):
Event: 23.976 Thread 0x0000023aee66e430 flushing  nmethod 0x0000023ad92c1d10
Event: 23.976 Thread 0x0000023aee66e430 flushing  nmethod 0x0000023ad92c6210
Event: 23.976 Thread 0x0000023aee66e430 flushing  nmethod 0x0000023ad92cfe10
Event: 23.976 Thread 0x0000023aee66e430 flushing  nmethod 0x0000023ad9338010
Event: 23.976 Thread 0x0000023aee66e430 flushing  nmethod 0x0000023ad9397890
Event: 23.976 Thread 0x0000023aee66e430 flushing  nmethod 0x0000023ad939af90
Event: 23.977 Thread 0x0000023aee66e430 flushing  nmethod 0x0000023ad941ec10
Event: 23.977 Thread 0x0000023aee66e430 flushing  nmethod 0x0000023ad9482590
Event: 23.977 Thread 0x0000023aee66e430 flushing  nmethod 0x0000023ad9483110
Event: 23.977 Thread 0x0000023aee66e430 flushing  nmethod 0x0000023ad948db90
Event: 23.977 Thread 0x0000023aee66e430 flushing  nmethod 0x0000023ad948e110
Event: 23.977 Thread 0x0000023aee66e430 flushing  nmethod 0x0000023ad948e510
Event: 23.977 Thread 0x0000023aee66e430 flushing  nmethod 0x0000023ad948eb90
Event: 23.977 Thread 0x0000023aee66e430 flushing  nmethod 0x0000023ad9492b10
Event: 23.977 Thread 0x0000023aee66e430 flushing osr nmethod 0x0000023ad9497310
Event: 23.977 Thread 0x0000023aee66e430 flushing  nmethod 0x0000023ad949ac10
Event: 23.977 Thread 0x0000023aee66e430 flushing  nmethod 0x0000023ad94bfa90
Event: 23.977 Thread 0x0000023aee66e430 flushing  nmethod 0x0000023ad94ca690
Event: 23.977 Thread 0x0000023aee66e430 flushing  nmethod 0x0000023ad94cbf90
Event: 23.977 Thread 0x0000023aee66e430 flushing  nmethod 0x0000023ad94ce310

Events (20 events):
Event: 15.555 Thread 0x0000023af3bdb4d0 Thread added: 0x0000023af61770d0
Event: 15.591 Thread 0x0000023af61770d0 Thread added: 0x0000023af61724e0
Event: 15.591 Thread 0x0000023af61770d0 Thread added: 0x0000023af61775e0
Event: 15.621 Thread 0x0000023af61770d0 Thread added: 0x0000023af6178000
Event: 15.648 Thread 0x0000023af6178000 Thread added: 0x0000023af61766b0
Event: 15.648 Thread 0x0000023af6178000 Thread added: 0x0000023af6174d60
Event: 17.913 Thread 0x0000023af3bdb4d0 Thread added: 0x0000023af6171ac0
Event: 17.941 Thread 0x0000023af6171ac0 Thread added: 0x0000023af6173e30
Event: 17.941 Thread 0x0000023af6171ac0 Thread added: 0x0000023af6178510
Event: 17.941 Thread 0x0000023af6171ac0 Thread added: 0x0000023af6175c90
Event: 18.116 Thread 0x0000023af6173e30 Thread added: 0x0000023af6172f00
Event: 18.288 Thread 0x0000023af6173e30 Thread added: 0x0000023af6173410
Event: 18.288 Thread 0x0000023af6173e30 Thread added: 0x0000023af6171fd0
Event: 18.288 Thread 0x0000023af6173e30 Thread added: 0x0000023af6174340
Event: 18.315 Thread 0x0000023af6173e30 Thread added: 0x0000023af6176bc0
Event: 18.315 Thread 0x0000023af6173e30 Thread added: 0x0000023af6178a20
Event: 18.503 Thread 0x0000023af3bdb4d0 Thread added: 0x0000023af6178f30
Event: 18.503 Thread 0x0000023af3bdb4d0 Thread added: 0x0000023af50718e0
Event: 18.503 Thread 0x0000023af3bdb4d0 Thread added: 0x0000023af50709b0
Event: 30.084 Thread 0x0000023af3bdb4d0 Thread added: 0x0000023af5074670


Dynamic libraries:
0x00007ff694ab0000 - 0x00007ff694abe000 	C:\Program Files\Eclipse Adoptium\jdk-17.0.15.6-hotspot\bin\java.exe
0x00007ff8922d0000 - 0x00007ff8924e7000 	C:\Windows\SYSTEM32\ntdll.dll
0x00007ff890c60000 - 0x00007ff890d24000 	C:\Windows\System32\KERNEL32.DLL
0x00007ff88fb10000 - 0x00007ff88fee3000 	C:\Windows\System32\KERNELBASE.dll
0x00007ff88f570000 - 0x00007ff88f681000 	C:\Windows\System32\ucrtbase.dll
0x00007ff87b5d0000 - 0x00007ff87b5ee000 	C:\Program Files\Eclipse Adoptium\jdk-17.0.15.6-hotspot\bin\VCRUNTIME140.dll
0x00007ff8814b0000 - 0x00007ff8814c7000 	C:\Program Files\Eclipse Adoptium\jdk-17.0.15.6-hotspot\bin\jli.dll
0x00007ff8905f0000 - 0x00007ff8907a1000 	C:\Windows\System32\USER32.dll
0x00007ff877de0000 - 0x00007ff878078000 	C:\Windows\WinSxS\amd64_microsoft.windows.common-controls_6595b64144ccf1df_6.0.22621.5124_none_270e8f4f7386d69d\COMCTL32.dll
0x00007ff88f540000 - 0x00007ff88f566000 	C:\Windows\System32\win32u.dll
0x00007ff8902e0000 - 0x00007ff890387000 	C:\Windows\System32\msvcrt.dll
0x00007ff890820000 - 0x00007ff890849000 	C:\Windows\System32\GDI32.dll
0x00007ff88f7d0000 - 0x00007ff88f8eb000 	C:\Windows\System32\gdi32full.dll
0x00007ff88f3e0000 - 0x00007ff88f47a000 	C:\Windows\System32\msvcp_win.dll
0x00007ff890530000 - 0x00007ff890561000 	C:\Windows\System32\IMM32.DLL
0x00007ff888be0000 - 0x00007ff888bec000 	C:\Program Files\Eclipse Adoptium\jdk-17.0.15.6-hotspot\bin\vcruntime140_1.dll
0x00007ff87a5b0000 - 0x00007ff87a63d000 	C:\Program Files\Eclipse Adoptium\jdk-17.0.15.6-hotspot\bin\msvcp140.dll
0x00007ff815390000 - 0x00007ff815ffb000 	C:\Program Files\Eclipse Adoptium\jdk-17.0.15.6-hotspot\bin\server\jvm.dll
0x00007ff890470000 - 0x00007ff890521000 	C:\Windows\System32\ADVAPI32.dll
0x00007ff890b90000 - 0x00007ff890c38000 	C:\Windows\System32\sechost.dll
0x00007ff88f8f0000 - 0x00007ff88f918000 	C:\Windows\System32\bcrypt.dll
0x00007ff890e30000 - 0x00007ff890f44000 	C:\Windows\System32\RPCRT4.dll
0x00007ff8914a0000 - 0x00007ff891511000 	C:\Windows\System32\WS2_32.dll
0x00007ff88e5c0000 - 0x00007ff88e60d000 	C:\Windows\SYSTEM32\POWRPROF.dll
0x00007ff883830000 - 0x00007ff883864000 	C:\Windows\SYSTEM32\WINMM.dll
0x00007ff882f80000 - 0x00007ff882f8a000 	C:\Windows\SYSTEM32\VERSION.dll
0x00007ff88e5a0000 - 0x00007ff88e5b3000 	C:\Windows\SYSTEM32\UMPDC.dll
0x00007ff88e480000 - 0x00007ff88e498000 	C:\Windows\SYSTEM32\kernel.appcore.dll
0x00007ff883870000 - 0x00007ff88387a000 	C:\Program Files\Eclipse Adoptium\jdk-17.0.15.6-hotspot\bin\jimage.dll
0x00007ff88ce50000 - 0x00007ff88d082000 	C:\Windows\SYSTEM32\DBGHELP.DLL
0x00007ff891de0000 - 0x00007ff892172000 	C:\Windows\System32\combase.dll
0x00007ff890390000 - 0x00007ff890467000 	C:\Windows\System32\OLEAUT32.dll
0x00007ff861a20000 - 0x00007ff861a52000 	C:\Windows\SYSTEM32\dbgcore.DLL
0x00007ff88fa90000 - 0x00007ff88fb0b000 	C:\Windows\System32\bcryptPrimitives.dll
0x00007ff856970000 - 0x00007ff85697e000 	C:\Program Files\Eclipse Adoptium\jdk-17.0.15.6-hotspot\bin\instrument.dll
0x00007ff87b5a0000 - 0x00007ff87b5c5000 	C:\Program Files\Eclipse Adoptium\jdk-17.0.15.6-hotspot\bin\java.dll
0x00007ff87a4d0000 - 0x00007ff87a5a7000 	C:\Program Files\Eclipse Adoptium\jdk-17.0.15.6-hotspot\bin\jsvml.dll
0x00007ff891520000 - 0x00007ff891db6000 	C:\Windows\System32\SHELL32.dll
0x00007ff88f690000 - 0x00007ff88f7cf000 	C:\Windows\System32\wintypes.dll
0x00007ff88d2b0000 - 0x00007ff88dbca000 	C:\Windows\SYSTEM32\windows.storage.dll
0x00007ff890a80000 - 0x00007ff890b8a000 	C:\Windows\System32\SHCORE.dll
0x00007ff890d30000 - 0x00007ff890d93000 	C:\Windows\System32\shlwapi.dll
0x00007ff88f310000 - 0x00007ff88f33b000 	C:\Windows\SYSTEM32\profapi.dll
0x00007ff87a470000 - 0x00007ff87a488000 	C:\Program Files\Eclipse Adoptium\jdk-17.0.15.6-hotspot\bin\zip.dll
0x00007ff87a4b0000 - 0x00007ff87a4c9000 	C:\Program Files\Eclipse Adoptium\jdk-17.0.15.6-hotspot\bin\net.dll
0x00007ff889240000 - 0x00007ff88936c000 	C:\Windows\SYSTEM32\WINHTTP.dll
0x00007ff88e980000 - 0x00007ff88e9ea000 	C:\Windows\system32\mswsock.dll
0x00007ff87a490000 - 0x00007ff87a4a6000 	C:\Program Files\Eclipse Adoptium\jdk-17.0.15.6-hotspot\bin\nio.dll
0x00007ff858d40000 - 0x00007ff858d50000 	C:\Program Files\Eclipse Adoptium\jdk-17.0.15.6-hotspot\bin\verify.dll
0x00007ff840880000 - 0x00007ff8408a7000 	C:\Users\MSI\.gradle\native\68d5fa5c4cc2d200863cafc0d521ce42e7d3e7ee720ec0a83991735586a16f82\windows-amd64\native-platform.dll
0x00007ff840aa0000 - 0x00007ff840be4000 	C:\Users\MSI\.gradle\native\e376f236ea51e6404a007f0833ffe2c6e607c4080706a723a18a27aeea778392\windows-amd64\native-platform-file-events.dll
0x00007ff87a440000 - 0x00007ff87a44a000 	C:\Program Files\Eclipse Adoptium\jdk-17.0.15.6-hotspot\bin\management.dll
0x00007ff87a460000 - 0x00007ff87a46b000 	C:\Program Files\Eclipse Adoptium\jdk-17.0.15.6-hotspot\bin\management_ext.dll
0x00007ff891dd0000 - 0x00007ff891dd8000 	C:\Windows\System32\PSAPI.DLL
0x00007ff88ebe0000 - 0x00007ff88ebfb000 	C:\Windows\SYSTEM32\CRYPTSP.dll
0x00007ff88e3e0000 - 0x00007ff88e417000 	C:\Windows\system32\rsaenh.dll
0x00007ff88ea70000 - 0x00007ff88ea98000 	C:\Windows\SYSTEM32\USERENV.dll
0x00007ff88ebd0000 - 0x00007ff88ebdc000 	C:\Windows\SYSTEM32\CRYPTBASE.dll
0x00007ff88de30000 - 0x00007ff88de5d000 	C:\Windows\SYSTEM32\IPHLPAPI.DLL
0x00007ff88ff70000 - 0x00007ff88ff79000 	C:\Windows\System32\NSI.dll
0x00007ff888910000 - 0x00007ff888929000 	C:\Windows\SYSTEM32\dhcpcsvc6.DLL
0x00007ff8888f0000 - 0x00007ff88890f000 	C:\Windows\SYSTEM32\dhcpcsvc.DLL
0x00007ff88de60000 - 0x00007ff88df62000 	C:\Windows\SYSTEM32\DNSAPI.dll
0x00007ff87a410000 - 0x00007ff87a419000 	C:\Program Files\Eclipse Adoptium\jdk-17.0.15.6-hotspot\bin\extnet.dll
0x00007ff87a450000 - 0x00007ff87a45e000 	C:\Program Files\Eclipse Adoptium\jdk-17.0.15.6-hotspot\bin\sunmscapi.dll
0x00007ff88f920000 - 0x00007ff88fa87000 	C:\Windows\System32\CRYPT32.dll
0x00007ff88ed90000 - 0x00007ff88edbd000 	C:\Windows\SYSTEM32\ncrypt.dll
0x00007ff88ed50000 - 0x00007ff88ed87000 	C:\Windows\SYSTEM32\NTASN1.dll
0x00007ff862eb0000 - 0x00007ff862eb8000 	C:\Windows\system32\wshunix.dll
0x00007ff864500000 - 0x00007ff864517000 	C:\Windows\system32\napinsp.dll
0x00007ff864300000 - 0x00007ff86431b000 	C:\Windows\system32\pnrpnsp.dll
0x00007ff8642e0000 - 0x00007ff8642f1000 	C:\Windows\System32\winrnr.dll
0x00007ff883240000 - 0x00007ff883255000 	C:\Windows\system32\wshbth.dll
0x00007ff8642b0000 - 0x00007ff8642d7000 	C:\Windows\system32\nlansp_c.dll
0x00007ff882f90000 - 0x00007ff882f9a000 	C:\Windows\System32\rasadhlp.dll
0x00007ff882db0000 - 0x00007ff882e33000 	C:\Windows\System32\fwpuclnt.dll

dbghelp: loaded successfully - version: 4.0.5 - missing functions: none
symbol engine: initialized successfully - sym options: 0x614 - pdb path: .;C:\Program Files\Eclipse Adoptium\jdk-17.0.15.6-hotspot\bin;C:\Windows\SYSTEM32;C:\Windows\WinSxS\amd64_microsoft.windows.common-controls_6595b64144ccf1df_6.0.22621.5124_none_270e8f4f7386d69d;C:\Program Files\Eclipse Adoptium\jdk-17.0.15.6-hotspot\bin\server;C:\Users\MSI\.gradle\native\68d5fa5c4cc2d200863cafc0d521ce42e7d3e7ee720ec0a83991735586a16f82\windows-amd64;C:\Users\MSI\.gradle\native\e376f236ea51e6404a007f0833ffe2c6e607c4080706a723a18a27aeea778392\windows-amd64

VM Arguments:
jvm_args: -XX:MaxMetaspaceSize=512m --add-opens=java.base/java.util=ALL-UNNAMED --add-opens=java.base/java.lang=ALL-UNNAMED --add-opens=java.base/java.lang.invoke=ALL-UNNAMED --add-opens=java.prefs/java.util.prefs=ALL-UNNAMED --add-opens=java.base/java.nio.charset=ALL-UNNAMED --add-opens=java.base/java.net=ALL-UNNAMED --add-opens=java.base/java.util.concurrent.atomic=ALL-UNNAMED -Xmx2048m -Dfile.encoding=windows-1252 -Duser.country=US -Duser.language=en -Duser.variant -javaagent:C:\Users\MSI\.gradle\wrapper\dists\gradle-8.3-all\6en3ugtfdg5xnpx44z4qbwgas\gradle-8.3\lib\agents\gradle-instrumentation-agent-8.3.jar 
java_command: org.gradle.launcher.daemon.bootstrap.GradleDaemon 8.3
java_class_path (initial): C:\Users\MSI\.gradle\wrapper\dists\gradle-8.3-all\6en3ugtfdg5xnpx44z4qbwgas\gradle-8.3\lib\gradle-launcher-8.3.jar
Launcher Type: SUN_STANDARD

[Global flags]
     intx CICompilerCount                          = 3                                         {product} {ergonomic}
   size_t CompressedClassSpaceSize                 = 436207616                                 {product} {ergonomic}
     uint ConcGCThreads                            = 1                                         {product} {ergonomic}
     uint G1ConcRefinementThreads                  = 4                                         {product} {ergonomic}
   size_t G1HeapRegionSize                         = 1048576                                   {product} {ergonomic}
    uintx GCDrainStackTargetSize                   = 64                                        {product} {ergonomic}
   size_t InitialHeapSize                          = 130023424                                 {product} {ergonomic}
   size_t MarkStackSize                            = 4194304                                   {product} {ergonomic}
   size_t MaxHeapSize                              = 2147483648                                {product} {command line}
   size_t MaxMetaspaceSize                         = 536870912                                 {product} {command line}
   size_t MaxNewSize                               = 1287651328                                {product} {ergonomic}
   size_t MinHeapDeltaBytes                        = 1048576                                   {product} {ergonomic}
   size_t MinHeapSize                              = 8388608                                   {product} {ergonomic}
    uintx NonNMethodCodeHeapSize                   = 5832780                                {pd product} {ergonomic}
    uintx NonProfiledCodeHeapSize                  = 122912730                              {pd product} {ergonomic}
    uintx ProfiledCodeHeapSize                     = 122912730                              {pd product} {ergonomic}
    uintx ReservedCodeCacheSize                    = 251658240                              {pd product} {ergonomic}
     bool SegmentedCodeCache                       = true                                      {product} {ergonomic}
   size_t SoftMaxHeapSize                          = 2147483648                             {manageable} {ergonomic}
     bool UseCompressedClassPointers               = true                           {product lp64_product} {ergonomic}
     bool UseCompressedOops                        = true                           {product lp64_product} {ergonomic}
     bool UseG1GC                                  = true                                      {product} {ergonomic}
     bool UseLargePagesIndividualAllocation        = false                                  {pd product} {ergonomic}

Logging:
Log output configuration:
 #0: stdout all=warning uptime,level,tags
 #1: stderr all=off uptime,level,tags

Environment Variables:
JAVA_HOME=C:\Program Files\Eclipse Adoptium\jdk-17.0.15.6-hotspot
CLASSPATH=D:\task\FinanceTrakersApp\android\\gradle\wrapper\gradle-wrapper.jar
PATH=D:\task\FinanceTrakersApp\node_modules\.bin;D:\task\FinanceTrakersApp\node_modules\.bin;D:\task\node_modules\.bin;D:\node_modules\.bin;C:\Program Files\nodejs\node_modules\npm\node_modules\@npmcli\run-script\lib\node-gyp-bin;D:\task\FinanceTrakersApp\node_modules\.bin;D:\task\FinanceTrakersApp\node_modules\.bin;D:\task\node_modules\.bin;D:\node_modules\.bin;C:\Program Files\nodejs\node_modules\npm\node_modules\@npmcli\run-script\lib\node-gyp-bin;D:\task\FinanceTrakersApp\node_modules\.bin;D:\task\FinanceTrakersApp\node_modules\.bin;D:\task\node_modules\.bin;D:\node_modules\.bin;C:\Program Files\nodejs\node_modules\npm\node_modules\@npmcli\run-script\lib\node-gyp-bin;C:\Program Files\Eclipse Adoptium\jdk-17.0.15.6-hotspot\bin;C:\Program Files\Eclipse Adoptium\jdk-11.0.26.4-hotspot\bin;C:\Program Files\Eclipse Adoptium\jdk-8.0.442.6-hotspot\bin;D:\ORACLEDB\WINDOWS.X64_193000_db_home\bin;C:\Windows\system32;C:\Windows;C:\Windows\System32\Wbem;C:\Windows\System32\WindowsPowerShell\v1.0\;C:\Windows\System32\OpenSSH\;C:\Program Files\Microsoft VS Code\bin;C:\Program Files\Git\cmd;C:\composer;C:\Program Files\nodejs\;C:\instantclient_19_24;C:\ProgramData\chocolatey\bin;C:\Users\MSI\AppData\Local\Microsoft\WindowsApps;C:\Users\MSI\AppData\Roaming\Composer\vendor\bin;C:\Users\MSI\AppData\Roaming\npm;C:\xampp\php;C:\Users\MSI\.lmstudio\bin;C:\Users\MSI\AppData\Local\Android\Sdk\platform-tools;
USERNAME=MSI
LANG=en_US.UTF-8
OS=Windows_NT
PROCESSOR_IDENTIFIER=Intel64 Family 6 Model 140 Stepping 2, GenuineIntel
TMP=C:\Users\MSI\AppData\Local\Temp
TEMP=C:\Users\MSI\AppData\Local\Temp



Periodic native trim disabled


---------------  S Y S T E M  ---------------

OS:
 Windows 11 , 64 bit Build 22621 (10.0.22621.5124)
OS uptime: 0 days 21:46 hours
Hyper-V role detected

CPU: total 4 (initial active 4) (2 cores per cpu, 2 threads per core) family 6 model 140 stepping 2 microcode 0x16, cx8, cmov, fxsr, ht, mmx, 3dnowpref, sse, sse2, sse3, ssse3, sse4.1, sse4.2, popcnt, lzcnt, tsc, tscinvbit, avx, avx2, aes, erms, clmul, bmi1, bmi2, adx, avx512f, avx512dq, avx512cd, avx512bw, avx512vl, sha, fma, vzeroupper, avx512_vpopcntdq, avx512_vpclmulqdq, avx512_vaes, avx512_vnni, clflush, clflushopt, clwb, avx512_vbmi2, avx512_vbmi, hv
Processor Information for all 4 processors :
  Max Mhz: 2995, Current Mhz: 2995, Mhz Limit: 2995

Memory: 4k page, system-wide physical 7894M (236M free)
TotalPageFile size 16086M (AvailPageFile size 0M)
current process WorkingSet (physical memory assigned to process): 433M, peak: 437M
current process commit charge ("private bytes"): 465M, peak: 471M

vm_info: OpenJDK 64-Bit Server VM (17.0.15+6) for windows-amd64 JRE (17.0.15+6), built on Apr 15 2025 21:25:47 by "admin" with MS VC++ 17.7 (VS2022)

END.
